<?xml version="1.0" encoding="UTF-8"?>
<testsuite xmlns:xsi="http://www.w3.org/2001/XMLSchema-instance" xsi:noNamespaceSchemaLocation="https://maven.apache.org/surefire/maven-surefire-plugin/xsd/surefire-test-report.xsd" name="com.ahmad.upload.UploadServiceApplicationTests" time="8.424" tests="1" errors="0" skipped="0" failures="0">
  <properties>
    <property name="java.specification.version" value="16"/>
    <property name="sun.cpu.isalist" value="amd64"/>
    <property name="sun.jnu.encoding" value="Cp1252"/>
    <property name="java.class.path" value="C:\Users\ahmad\Desktop\Distrubuited System\Uplaod\target\test-classes;C:\Users\ahmad\Desktop\Distrubuited System\Uplaod\target\classes;C:\Users\ahmad\.m2\repository\org\springframework\boot\spring-boot-starter-web\2.6.7\spring-boot-starter-web-2.6.7.jar;C:\Users\ahmad\.m2\repository\org\springframework\boot\spring-boot-starter\2.6.7\spring-boot-starter-2.6.7.jar;C:\Users\ahmad\.m2\repository\org\springframework\boot\spring-boot\2.6.7\spring-boot-2.6.7.jar;C:\Users\ahmad\.m2\repository\org\springframework\boot\spring-boot-autoconfigure\2.6.7\spring-boot-autoconfigure-2.6.7.jar;C:\Users\ahmad\.m2\repository\org\springframework\boot\spring-boot-starter-logging\2.6.7\spring-boot-starter-logging-2.6.7.jar;C:\Users\ahmad\.m2\repository\ch\qos\logback\logback-classic\1.2.11\logback-classic-1.2.11.jar;C:\Users\ahmad\.m2\repository\ch\qos\logback\logback-core\1.2.11\logback-core-1.2.11.jar;C:\Users\ahmad\.m2\repository\org\apache\logging\log4j\log4j-to-slf4j\2.17.2\log4j-to-slf4j-2.17.2.jar;C:\Users\ahmad\.m2\repository\org\apache\logging\log4j\log4j-api\2.17.2\log4j-api-2.17.2.jar;C:\Users\ahmad\.m2\repository\org\slf4j\jul-to-slf4j\1.7.36\jul-to-slf4j-1.7.36.jar;C:\Users\ahmad\.m2\repository\jakarta\annotation\jakarta.annotation-api\1.3.5\jakarta.annotation-api-1.3.5.jar;C:\Users\ahmad\.m2\repository\org\yaml\snakeyaml\1.29\snakeyaml-1.29.jar;C:\Users\ahmad\.m2\repository\org\springframework\boot\spring-boot-starter-json\2.6.7\spring-boot-starter-json-2.6.7.jar;C:\Users\ahmad\.m2\repository\com\fasterxml\jackson\core\jackson-databind\2.13.2.1\jackson-databind-2.13.2.1.jar;C:\Users\ahmad\.m2\repository\com\fasterxml\jackson\datatype\jackson-datatype-jdk8\2.13.2\jackson-datatype-jdk8-2.13.2.jar;C:\Users\ahmad\.m2\repository\com\fasterxml\jackson\datatype\jackson-datatype-jsr310\2.13.2\jackson-datatype-jsr310-2.13.2.jar;C:\Users\ahmad\.m2\repository\com\fasterxml\jackson\module\jackson-module-parameter-names\2.13.2\jackson-module-parameter-names-2.13.2.jar;C:\Users\ahmad\.m2\repository\org\springframework\boot\spring-boot-starter-tomcat\2.6.7\spring-boot-starter-tomcat-2.6.7.jar;C:\Users\ahmad\.m2\repository\org\apache\tomcat\embed\tomcat-embed-core\9.0.62\tomcat-embed-core-9.0.62.jar;C:\Users\ahmad\.m2\repository\org\apache\tomcat\embed\tomcat-embed-el\9.0.62\tomcat-embed-el-9.0.62.jar;C:\Users\ahmad\.m2\repository\org\apache\tomcat\embed\tomcat-embed-websocket\9.0.62\tomcat-embed-websocket-9.0.62.jar;C:\Users\ahmad\.m2\repository\org\springframework\spring-web\5.3.19\spring-web-5.3.19.jar;C:\Users\ahmad\.m2\repository\org\springframework\spring-beans\5.3.19\spring-beans-5.3.19.jar;C:\Users\ahmad\.m2\repository\org\springframework\spring-webmvc\5.3.19\spring-webmvc-5.3.19.jar;C:\Users\ahmad\.m2\repository\org\springframework\spring-aop\5.3.19\spring-aop-5.3.19.jar;C:\Users\ahmad\.m2\repository\org\springframework\spring-expression\5.3.19\spring-expression-5.3.19.jar;C:\Users\ahmad\.m2\repository\org\springframework\cloud\spring-cloud-starter-netflix-eureka-client\3.1.2\spring-cloud-starter-netflix-eureka-client-3.1.2.jar;C:\Users\ahmad\.m2\repository\org\springframework\cloud\spring-cloud-starter\3.1.2\spring-cloud-starter-3.1.2.jar;C:\Users\ahmad\.m2\repository\org\springframework\cloud\spring-cloud-context\3.1.2\spring-cloud-context-3.1.2.jar;C:\Users\ahmad\.m2\repository\org\springframework\security\spring-security-crypto\5.6.3\spring-security-crypto-5.6.3.jar;C:\Users\ahmad\.m2\repository\org\springframework\cloud\spring-cloud-commons\3.1.2\spring-cloud-commons-3.1.2.jar;C:\Users\ahmad\.m2\repository\org\springframework\security\spring-security-rsa\1.0.10.RELEASE\spring-security-rsa-1.0.10.RELEASE.jar;C:\Users\ahmad\.m2\repository\org\bouncycastle\bcpkix-jdk15on\1.68\bcpkix-jdk15on-1.68.jar;C:\Users\ahmad\.m2\repository\org\bouncycastle\bcprov-jdk15on\1.68\bcprov-jdk15on-1.68.jar;C:\Users\ahmad\.m2\repository\org\springframework\cloud\spring-cloud-netflix-eureka-client\3.1.2\spring-cloud-netflix-eureka-client-3.1.2.jar;C:\Users\ahmad\.m2\repository\com\netflix\eureka\eureka-client\1.10.17\eureka-client-1.10.17.jar;C:\Users\ahmad\.m2\repository\com\netflix\netflix-commons\netflix-eventbus\0.3.0\netflix-eventbus-0.3.0.jar;C:\Users\ahmad\.m2\repository\com\netflix\netflix-commons\netflix-infix\0.3.0\netflix-infix-0.3.0.jar;C:\Users\ahmad\.m2\repository\commons-jxpath\commons-jxpath\1.3\commons-jxpath-1.3.jar;C:\Users\ahmad\.m2\repository\org\antlr\antlr-runtime\3.4\antlr-runtime-3.4.jar;C:\Users\ahmad\.m2\repository\org\antlr\stringtemplate\3.2.1\stringtemplate-3.2.1.jar;C:\Users\ahmad\.m2\repository\antlr\antlr\2.7.7\antlr-2.7.7.jar;C:\Users\ahmad\.m2\repository\com\google\code\gson\gson\2.8.9\gson-2.8.9.jar;C:\Users\ahmad\.m2\repository\org\apache\commons\commons-math\2.2\commons-math-2.2.jar;C:\Users\ahmad\.m2\repository\com\thoughtworks\xstream\xstream\1.4.18\xstream-1.4.18.jar;C:\Users\ahmad\.m2\repository\io\github\x-stream\mxparser\1.2.2\mxparser-1.2.2.jar;C:\Users\ahmad\.m2\repository\xmlpull\xmlpull\1.1.3.1\xmlpull-1.1.3.1.jar;C:\Users\ahmad\.m2\repository\javax\ws\rs\jsr311-api\1.1.1\jsr311-api-1.1.1.jar;C:\Users\ahmad\.m2\repository\com\netflix\servo\servo-core\0.12.21\servo-core-0.12.21.jar;C:\Users\ahmad\.m2\repository\com\google\guava\guava\19.0\guava-19.0.jar;C:\Users\ahmad\.m2\repository\org\apache\httpcomponents\httpclient\4.5.13\httpclient-4.5.13.jar;C:\Users\ahmad\.m2\repository\org\apache\httpcomponents\httpcore\4.4.15\httpcore-4.4.15.jar;C:\Users\ahmad\.m2\repository\commons-codec\commons-codec\1.15\commons-codec-1.15.jar;C:\Users\ahmad\.m2\repository\commons-configuration\commons-configuration\1.10\commons-configuration-1.10.jar;C:\Users\ahmad\.m2\repository\commons-lang\commons-lang\2.6\commons-lang-2.6.jar;C:\Users\ahmad\.m2\repository\com\google\inject\guice\4.1.0\guice-4.1.0.jar;C:\Users\ahmad\.m2\repository\javax\inject\javax.inject\1\javax.inject-1.jar;C:\Users\ahmad\.m2\repository\com\fasterxml\jackson\core\jackson-annotations\2.13.2\jackson-annotations-2.13.2.jar;C:\Users\ahmad\.m2\repository\com\fasterxml\jackson\core\jackson-core\2.13.2\jackson-core-2.13.2.jar;C:\Users\ahmad\.m2\repository\org\codehaus\jettison\jettison\1.4.0\jettison-1.4.0.jar;C:\Users\ahmad\.m2\repository\com\netflix\eureka\eureka-core\1.10.17\eureka-core-1.10.17.jar;C:\Users\ahmad\.m2\repository\com\fasterxml\woodstox\woodstox-core\6.2.1\woodstox-core-6.2.1.jar;C:\Users\ahmad\.m2\repository\org\codehaus\woodstox\stax2-api\4.2.1\stax2-api-4.2.1.jar;C:\Users\ahmad\.m2\repository\org\springframework\cloud\spring-cloud-starter-loadbalancer\3.1.2\spring-cloud-starter-loadbalancer-3.1.2.jar;C:\Users\ahmad\.m2\repository\org\springframework\cloud\spring-cloud-loadbalancer\3.1.2\spring-cloud-loadbalancer-3.1.2.jar;C:\Users\ahmad\.m2\repository\io\projectreactor\reactor-core\3.4.17\reactor-core-3.4.17.jar;C:\Users\ahmad\.m2\repository\org\reactivestreams\reactive-streams\1.0.3\reactive-streams-1.0.3.jar;C:\Users\ahmad\.m2\repository\io\projectreactor\addons\reactor-extra\3.4.8\reactor-extra-3.4.8.jar;C:\Users\ahmad\.m2\repository\org\springframework\boot\spring-boot-starter-cache\2.6.7\spring-boot-starter-cache-2.6.7.jar;C:\Users\ahmad\.m2\repository\org\springframework\spring-context-support\5.3.19\spring-context-support-5.3.19.jar;C:\Users\ahmad\.m2\repository\com\stoyanr\evictor\1.0.0\evictor-1.0.0.jar;C:\Users\ahmad\.m2\repository\org\springframework\boot\spring-boot-starter-test\2.6.7\spring-boot-starter-test-2.6.7.jar;C:\Users\ahmad\.m2\repository\org\springframework\boot\spring-boot-test\2.6.7\spring-boot-test-2.6.7.jar;C:\Users\ahmad\.m2\repository\org\springframework\boot\spring-boot-test-autoconfigure\2.6.7\spring-boot-test-autoconfigure-2.6.7.jar;C:\Users\ahmad\.m2\repository\com\jayway\jsonpath\json-path\2.6.0\json-path-2.6.0.jar;C:\Users\ahmad\.m2\repository\net\minidev\json-smart\2.4.8\json-smart-2.4.8.jar;C:\Users\ahmad\.m2\repository\net\minidev\accessors-smart\2.4.8\accessors-smart-2.4.8.jar;C:\Users\ahmad\.m2\repository\org\ow2\asm\asm\9.1\asm-9.1.jar;C:\Users\ahmad\.m2\repository\org\slf4j\slf4j-api\1.7.36\slf4j-api-1.7.36.jar;C:\Users\ahmad\.m2\repository\jakarta\xml\bind\jakarta.xml.bind-api\2.3.3\jakarta.xml.bind-api-2.3.3.jar;C:\Users\ahmad\.m2\repository\jakarta\activation\jakarta.activation-api\1.2.2\jakarta.activation-api-1.2.2.jar;C:\Users\ahmad\.m2\repository\org\assertj\assertj-core\3.21.0\assertj-core-3.21.0.jar;C:\Users\ahmad\.m2\repository\org\hamcrest\hamcrest\2.2\hamcrest-2.2.jar;C:\Users\ahmad\.m2\repository\org\junit\jupiter\junit-jupiter\5.8.2\junit-jupiter-5.8.2.jar;C:\Users\ahmad\.m2\repository\org\junit\jupiter\junit-jupiter-api\5.8.2\junit-jupiter-api-5.8.2.jar;C:\Users\ahmad\.m2\repository\org\opentest4j\opentest4j\1.2.0\opentest4j-1.2.0.jar;C:\Users\ahmad\.m2\repository\org\junit\platform\junit-platform-commons\1.8.2\junit-platform-commons-1.8.2.jar;C:\Users\ahmad\.m2\repository\org\apiguardian\apiguardian-api\1.1.2\apiguardian-api-1.1.2.jar;C:\Users\ahmad\.m2\repository\org\junit\jupiter\junit-jupiter-params\5.8.2\junit-jupiter-params-5.8.2.jar;C:\Users\ahmad\.m2\repository\org\junit\jupiter\junit-jupiter-engine\5.8.2\junit-jupiter-engine-5.8.2.jar;C:\Users\ahmad\.m2\repository\org\junit\platform\junit-platform-engine\1.8.2\junit-platform-engine-1.8.2.jar;C:\Users\ahmad\.m2\repository\org\mockito\mockito-core\4.0.0\mockito-core-4.0.0.jar;C:\Users\ahmad\.m2\repository\net\bytebuddy\byte-buddy\1.11.22\byte-buddy-1.11.22.jar;C:\Users\ahmad\.m2\repository\net\bytebuddy\byte-buddy-agent\1.11.22\byte-buddy-agent-1.11.22.jar;C:\Users\ahmad\.m2\repository\org\objenesis\objenesis\3.2\objenesis-3.2.jar;C:\Users\ahmad\.m2\repository\org\mockito\mockito-junit-jupiter\4.0.0\mockito-junit-jupiter-4.0.0.jar;C:\Users\ahmad\.m2\repository\org\skyscreamer\jsonassert\1.5.0\jsonassert-1.5.0.jar;C:\Users\ahmad\.m2\repository\com\vaadin\external\google\android-json\0.0.20131108.vaadin1\android-json-0.0.20131108.vaadin1.jar;C:\Users\ahmad\.m2\repository\org\springframework\spring-core\5.3.19\spring-core-5.3.19.jar;C:\Users\ahmad\.m2\repository\org\springframework\spring-jcl\5.3.19\spring-jcl-5.3.19.jar;C:\Users\ahmad\.m2\repository\org\springframework\spring-test\5.3.19\spring-test-5.3.19.jar;C:\Users\ahmad\.m2\repository\org\xmlunit\xmlunit-core\2.8.4\xmlunit-core-2.8.4.jar;C:\Users\ahmad\.m2\repository\com\amazonaws\aws-java-sdk\1.11.931\aws-java-sdk-1.11.931.jar;C:\Users\ahmad\.m2\repository\com\amazonaws\aws-java-sdk-wellarchitected\1.11.931\aws-java-sdk-wellarchitected-1.11.931.jar;C:\Users\ahmad\.m2\repository\com\amazonaws\jmespath-java\1.11.931\jmespath-java-1.11.931.jar;C:\Users\ahmad\.m2\repository\com\amazonaws\aws-java-sdk-location\1.11.931\aws-java-sdk-location-1.11.931.jar;C:\Users\ahmad\.m2\repository\com\amazonaws\aws-java-sdk-iotdeviceadvisor\1.11.931\aws-java-sdk-iotdeviceadvisor-1.11.931.jar;C:\Users\ahmad\.m2\repository\com\amazonaws\aws-java-sdk-iotfleethub\1.11.931\aws-java-sdk-iotfleethub-1.11.931.jar;C:\Users\ahmad\.m2\repository\com\amazonaws\aws-java-sdk-iotwireless\1.11.931\aws-java-sdk-iotwireless-1.11.931.jar;C:\Users\ahmad\.m2\repository\com\amazonaws\aws-java-sdk-greengrassv2\1.11.931\aws-java-sdk-greengrassv2-1.11.931.jar;C:\Users\ahmad\.m2\repository\com\amazonaws\aws-java-sdk-prometheus\1.11.931\aws-java-sdk-prometheus-1.11.931.jar;C:\Users\ahmad\.m2\repository\com\amazonaws\aws-java-sdk-auditmanager\1.11.931\aws-java-sdk-auditmanager-1.11.931.jar;C:\Users\ahmad\.m2\repository\com\amazonaws\aws-java-sdk-healthlake\1.11.931\aws-java-sdk-healthlake-1.11.931.jar;C:\Users\ahmad\.m2\repository\com\amazonaws\aws-java-sdk-sagemakeredgemanager\1.11.931\aws-java-sdk-sagemakeredgemanager-1.11.931.jar;C:\Users\ahmad\.m2\repository\com\amazonaws\aws-java-sdk-emrcontainers\1.11.931\aws-java-sdk-emrcontainers-1.11.931.jar;C:\Users\ahmad\.m2\repository\com\amazonaws\aws-java-sdk-customerprofiles\1.11.931\aws-java-sdk-customerprofiles-1.11.931.jar;C:\Users\ahmad\.m2\repository\com\amazonaws\aws-java-sdk-lookoutforvision\1.11.931\aws-java-sdk-lookoutforvision-1.11.931.jar;C:\Users\ahmad\.m2\repository\com\amazonaws\aws-java-sdk-connectcontactlens\1.11.931\aws-java-sdk-connectcontactlens-1.11.931.jar;C:\Users\ahmad\.m2\repository\com\amazonaws\aws-java-sdk-amplifybackend\1.11.931\aws-java-sdk-amplifybackend-1.11.931.jar;C:\Users\ahmad\.m2\repository\com\amazonaws\aws-java-sdk-ecrpublic\1.11.931\aws-java-sdk-ecrpublic-1.11.931.jar;C:\Users\ahmad\.m2\repository\com\amazonaws\aws-java-sdk-appintegrations\1.11.931\aws-java-sdk-appintegrations-1.11.931.jar;C:\Users\ahmad\.m2\repository\com\amazonaws\aws-java-sdk-sagemakerfeaturestoreruntime\1.11.931\aws-java-sdk-sagemakerfeaturestoreruntime-1.11.931.jar;C:\Users\ahmad\.m2\repository\com\amazonaws\aws-java-sdk-devopsguru\1.11.931\aws-java-sdk-devopsguru-1.11.931.jar;C:\Users\ahmad\.m2\repository\com\amazonaws\aws-java-sdk-mwaa\1.11.931\aws-java-sdk-mwaa-1.11.931.jar;C:\Users\ahmad\.m2\repository\com\amazonaws\aws-java-sdk-networkfirewall\1.11.931\aws-java-sdk-networkfirewall-1.11.931.jar;C:\Users\ahmad\.m2\repository\com\amazonaws\aws-java-sdk-appregistry\1.11.931\aws-java-sdk-appregistry-1.11.931.jar;C:\Users\ahmad\.m2\repository\com\amazonaws\aws-java-sdk-gluedatabrew\1.11.931\aws-java-sdk-gluedatabrew-1.11.931.jar;C:\Users\ahmad\.m2\repository\com\amazonaws\aws-java-sdk-s3outposts\1.11.931\aws-java-sdk-s3outposts-1.11.931.jar;C:\Users\ahmad\.m2\repository\com\amazonaws\aws-java-sdk-timestreamquery\1.11.931\aws-java-sdk-timestreamquery-1.11.931.jar;C:\Users\ahmad\.m2\repository\com\amazonaws\aws-java-sdk-timestreamwrite\1.11.931\aws-java-sdk-timestreamwrite-1.11.931.jar;C:\Users\ahmad\.m2\repository\com\amazonaws\aws-java-sdk-ssoadmin\1.11.931\aws-java-sdk-ssoadmin-1.11.931.jar;C:\Users\ahmad\.m2\repository\com\amazonaws\aws-java-sdk-redshiftdataapi\1.11.931\aws-java-sdk-redshiftdataapi-1.11.931.jar;C:\Users\ahmad\.m2\repository\com\amazonaws\aws-java-sdk-appflow\1.11.931\aws-java-sdk-appflow-1.11.931.jar;C:\Users\ahmad\.m2\repository\com\amazonaws\aws-java-sdk-identitystore\1.11.931\aws-java-sdk-identitystore-1.11.931.jar;C:\Users\ahmad\.m2\repository\com\amazonaws\aws-java-sdk-braket\1.11.931\aws-java-sdk-braket-1.11.931.jar;C:\Users\ahmad\.m2\repository\com\amazonaws\aws-java-sdk-ivs\1.11.931\aws-java-sdk-ivs-1.11.931.jar;C:\Users\ahmad\.m2\repository\com\amazonaws\aws-java-sdk-honeycode\1.11.931\aws-java-sdk-honeycode-1.11.931.jar;C:\Users\ahmad\.m2\repository\com\amazonaws\aws-java-sdk-codeartifact\1.11.931\aws-java-sdk-codeartifact-1.11.931.jar;C:\Users\ahmad\.m2\repository\com\amazonaws\aws-java-sdk-macie2\1.11.931\aws-java-sdk-macie2-1.11.931.jar;C:\Users\ahmad\.m2\repository\com\amazonaws\aws-java-sdk-iotsitewise\1.11.931\aws-java-sdk-iotsitewise-1.11.931.jar;C:\Users\ahmad\.m2\repository\com\amazonaws\aws-java-sdk-synthetics\1.11.931\aws-java-sdk-synthetics-1.11.931.jar;C:\Users\ahmad\.m2\repository\com\amazonaws\aws-java-sdk-codestarconnections\1.11.931\aws-java-sdk-codestarconnections-1.11.931.jar;C:\Users\ahmad\.m2\repository\com\amazonaws\aws-java-sdk-detective\1.11.931\aws-java-sdk-detective-1.11.931.jar;C:\Users\ahmad\.m2\repository\com\amazonaws\aws-java-sdk-kinesisvideosignalingchannels\1.11.931\aws-java-sdk-kinesisvideosignalingchannels-1.11.931.jar;C:\Users\ahmad\.m2\repository\com\amazonaws\aws-java-sdk-ebs\1.11.931\aws-java-sdk-ebs-1.11.931.jar;C:\Users\ahmad\.m2\repository\com\amazonaws\aws-java-sdk-augmentedairuntime\1.11.931\aws-java-sdk-augmentedairuntime-1.11.931.jar;C:\Users\ahmad\.m2\repository\com\amazonaws\aws-java-sdk-outposts\1.11.931\aws-java-sdk-outposts-1.11.931.jar;C:\Users\ahmad\.m2\repository\com\amazonaws\aws-java-sdk-codeguruprofiler\1.11.931\aws-java-sdk-codeguruprofiler-1.11.931.jar;C:\Users\ahmad\.m2\repository\com\amazonaws\aws-java-sdk-codegurureviewer\1.11.931\aws-java-sdk-codegurureviewer-1.11.931.jar;C:\Users\ahmad\.m2\repository\com\amazonaws\aws-java-sdk-frauddetector\1.11.931\aws-java-sdk-frauddetector-1.11.931.jar;C:\Users\ahmad\.m2\repository\com\amazonaws\aws-java-sdk-kendra\1.11.931\aws-java-sdk-kendra-1.11.931.jar;C:\Users\ahmad\.m2\repository\com\amazonaws\aws-java-sdk-networkmanager\1.11.931\aws-java-sdk-networkmanager-1.11.931.jar;C:\Users\ahmad\.m2\repository\com\amazonaws\aws-java-sdk-computeoptimizer\1.11.931\aws-java-sdk-computeoptimizer-1.11.931.jar;C:\Users\ahmad\.m2\repository\com\amazonaws\aws-java-sdk-accessanalyzer\1.11.931\aws-java-sdk-accessanalyzer-1.11.931.jar;C:\Users\ahmad\.m2\repository\com\amazonaws\aws-java-sdk-schemas\1.11.931\aws-java-sdk-schemas-1.11.931.jar;C:\Users\ahmad\.m2\repository\com\amazonaws\aws-java-sdk-imagebuilder\1.11.931\aws-java-sdk-imagebuilder-1.11.931.jar;C:\Users\ahmad\.m2\repository\com\amazonaws\aws-java-sdk-elasticinference\1.11.931\aws-java-sdk-elasticinference-1.11.931.jar;C:\Users\ahmad\.m2\repository\com\amazonaws\aws-java-sdk-iotsecuretunneling\1.11.931\aws-java-sdk-iotsecuretunneling-1.11.931.jar;C:\Users\ahmad\.m2\repository\com\amazonaws\aws-java-sdk-appconfig\1.11.931\aws-java-sdk-appconfig-1.11.931.jar;C:\Users\ahmad\.m2\repository\com\amazonaws\aws-java-sdk-wafv2\1.11.931\aws-java-sdk-wafv2-1.11.931.jar;C:\Users\ahmad\.m2\repository\com\amazonaws\aws-java-sdk-connectparticipant\1.11.931\aws-java-sdk-connectparticipant-1.11.931.jar;C:\Users\ahmad\.m2\repository\com\amazonaws\aws-java-sdk-migrationhubconfig\1.11.931\aws-java-sdk-migrationhubconfig-1.11.931.jar;C:\Users\ahmad\.m2\repository\com\amazonaws\aws-java-sdk-dataexchange\1.11.931\aws-java-sdk-dataexchange-1.11.931.jar;C:\Users\ahmad\.m2\repository\com\amazonaws\aws-java-sdk-sesv2\1.11.931\aws-java-sdk-sesv2-1.11.931.jar;C:\Users\ahmad\.m2\repository\com\amazonaws\aws-java-sdk-marketplacecatalog\1.11.931\aws-java-sdk-marketplacecatalog-1.11.931.jar;C:\Users\ahmad\.m2\repository\com\amazonaws\aws-java-sdk-ssooidc\1.11.931\aws-java-sdk-ssooidc-1.11.931.jar;C:\Users\ahmad\.m2\repository\com\amazonaws\aws-java-sdk-sso\1.11.931\aws-java-sdk-sso-1.11.931.jar;C:\Users\ahmad\.m2\repository\com\amazonaws\aws-java-sdk-savingsplans\1.11.931\aws-java-sdk-savingsplans-1.11.931.jar;C:\Users\ahmad\.m2\repository\com\amazonaws\aws-java-sdk-codestarnotifications\1.11.931\aws-java-sdk-codestarnotifications-1.11.931.jar;C:\Users\ahmad\.m2\repository\com\amazonaws\aws-java-sdk-workmailmessageflow\1.11.931\aws-java-sdk-workmailmessageflow-1.11.931.jar;C:\Users\ahmad\.m2\repository\com\amazonaws\aws-java-sdk-qldbsession\1.11.931\aws-java-sdk-qldbsession-1.11.931.jar;C:\Users\ahmad\.m2\repository\com\amazonaws\aws-java-sdk-qldb\1.11.931\aws-java-sdk-qldb-1.11.931.jar;C:\Users\ahmad\.m2\repository\com\amazonaws\aws-java-sdk-forecastquery\1.11.931\aws-java-sdk-forecastquery-1.11.931.jar;C:\Users\ahmad\.m2\repository\com\amazonaws\aws-java-sdk-forecast\1.11.931\aws-java-sdk-forecast-1.11.931.jar;C:\Users\ahmad\.m2\repository\com\amazonaws\aws-java-sdk-lakeformation\1.11.931\aws-java-sdk-lakeformation-1.11.931.jar;C:\Users\ahmad\.m2\repository\com\amazonaws\aws-java-sdk-eventbridge\1.11.931\aws-java-sdk-eventbridge-1.11.931.jar;C:\Users\ahmad\.m2\repository\com\amazonaws\aws-java-sdk-ec2instanceconnect\1.11.931\aws-java-sdk-ec2instanceconnect-1.11.931.jar;C:\Users\ahmad\.m2\repository\com\amazonaws\aws-java-sdk-applicationinsights\1.11.931\aws-java-sdk-applicationinsights-1.11.931.jar;C:\Users\ahmad\.m2\repository\com\amazonaws\aws-java-sdk-servicequotas\1.11.931\aws-java-sdk-servicequotas-1.11.931.jar;C:\Users\ahmad\.m2\repository\com\amazonaws\aws-java-sdk-personalizeevents\1.11.931\aws-java-sdk-personalizeevents-1.11.931.jar;C:\Users\ahmad\.m2\repository\com\amazonaws\aws-java-sdk-personalize\1.11.931\aws-java-sdk-personalize-1.11.931.jar;C:\Users\ahmad\.m2\repository\com\amazonaws\aws-java-sdk-personalizeruntime\1.11.931\aws-java-sdk-personalizeruntime-1.11.931.jar;C:\Users\ahmad\.m2\repository\com\amazonaws\aws-java-sdk-ioteventsdata\1.11.931\aws-java-sdk-ioteventsdata-1.11.931.jar;C:\Users\ahmad\.m2\repository\com\amazonaws\aws-java-sdk-iotevents\1.11.931\aws-java-sdk-iotevents-1.11.931.jar;C:\Users\ahmad\.m2\repository\com\amazonaws\aws-java-sdk-iotthingsgraph\1.11.931\aws-java-sdk-iotthingsgraph-1.11.931.jar;C:\Users\ahmad\.m2\repository\com\amazonaws\aws-java-sdk-groundstation\1.11.931\aws-java-sdk-groundstation-1.11.931.jar;C:\Users\ahmad\.m2\repository\com\amazonaws\aws-java-sdk-mediapackagevod\1.11.931\aws-java-sdk-mediapackagevod-1.11.931.jar;C:\Users\ahmad\.m2\repository\com\amazonaws\aws-java-sdk-managedblockchain\1.11.931\aws-java-sdk-managedblockchain-1.11.931.jar;C:\Users\ahmad\.m2\repository\com\amazonaws\aws-java-sdk-textract\1.11.931\aws-java-sdk-textract-1.11.931.jar;C:\Users\ahmad\.m2\repository\com\amazonaws\aws-java-sdk-worklink\1.11.931\aws-java-sdk-worklink-1.11.931.jar;C:\Users\ahmad\.m2\repository\com\amazonaws\aws-java-sdk-backup\1.11.931\aws-java-sdk-backup-1.11.931.jar;C:\Users\ahmad\.m2\repository\com\amazonaws\aws-java-sdk-docdb\1.11.931\aws-java-sdk-docdb-1.11.931.jar;C:\Users\ahmad\.m2\repository\com\amazonaws\aws-java-sdk-apigatewayv2\1.11.931\aws-java-sdk-apigatewayv2-1.11.931.jar;C:\Users\ahmad\.m2\repository\com\amazonaws\aws-java-sdk-apigatewaymanagementapi\1.11.931\aws-java-sdk-apigatewaymanagementapi-1.11.931.jar;C:\Users\ahmad\.m2\repository\com\amazonaws\aws-java-sdk-kafka\1.11.931\aws-java-sdk-kafka-1.11.931.jar;C:\Users\ahmad\.m2\repository\com\amazonaws\aws-java-sdk-appmesh\1.11.931\aws-java-sdk-appmesh-1.11.931.jar;C:\Users\ahmad\.m2\repository\com\amazonaws\aws-java-sdk-licensemanager\1.11.931\aws-java-sdk-licensemanager-1.11.931.jar;C:\Users\ahmad\.m2\repository\com\amazonaws\aws-java-sdk-securityhub\1.11.931\aws-java-sdk-securityhub-1.11.931.jar;C:\Users\ahmad\.m2\repository\com\amazonaws\aws-java-sdk-fsx\1.11.931\aws-java-sdk-fsx-1.11.931.jar;C:\Users\ahmad\.m2\repository\com\amazonaws\aws-java-sdk-mediaconnect\1.11.931\aws-java-sdk-mediaconnect-1.11.931.jar;C:\Users\ahmad\.m2\repository\com\amazonaws\aws-java-sdk-kinesisanalyticsv2\1.11.931\aws-java-sdk-kinesisanalyticsv2-1.11.931.jar;C:\Users\ahmad\.m2\repository\com\amazonaws\aws-java-sdk-comprehendmedical\1.11.931\aws-java-sdk-comprehendmedical-1.11.931.jar;C:\Users\ahmad\.m2\repository\com\amazonaws\aws-java-sdk-globalaccelerator\1.11.931\aws-java-sdk-globalaccelerator-1.11.931.jar;C:\Users\ahmad\.m2\repository\com\amazonaws\aws-java-sdk-transfer\1.11.931\aws-java-sdk-transfer-1.11.931.jar;C:\Users\ahmad\.m2\repository\com\amazonaws\aws-java-sdk-datasync\1.11.931\aws-java-sdk-datasync-1.11.931.jar;C:\Users\ahmad\.m2\repository\com\amazonaws\aws-java-sdk-robomaker\1.11.931\aws-java-sdk-robomaker-1.11.931.jar;C:\Users\ahmad\.m2\repository\com\amazonaws\aws-java-sdk-amplify\1.11.931\aws-java-sdk-amplify-1.11.931.jar;C:\Users\ahmad\.m2\repository\com\amazonaws\aws-java-sdk-quicksight\1.11.931\aws-java-sdk-quicksight-1.11.931.jar;C:\Users\ahmad\.m2\repository\com\amazonaws\aws-java-sdk-rdsdata\1.11.931\aws-java-sdk-rdsdata-1.11.931.jar;C:\Users\ahmad\.m2\repository\com\amazonaws\aws-java-sdk-route53resolver\1.11.931\aws-java-sdk-route53resolver-1.11.931.jar;C:\Users\ahmad\.m2\repository\com\amazonaws\aws-java-sdk-ram\1.11.931\aws-java-sdk-ram-1.11.931.jar;C:\Users\ahmad\.m2\repository\com\amazonaws\aws-java-sdk-s3control\1.11.931\aws-java-sdk-s3control-1.11.931.jar;C:\Users\ahmad\.m2\repository\com\amazonaws\aws-java-sdk-pinpointsmsvoice\1.11.931\aws-java-sdk-pinpointsmsvoice-1.11.931.jar;C:\Users\ahmad\.m2\repository\com\amazonaws\aws-java-sdk-pinpointemail\1.11.931\aws-java-sdk-pinpointemail-1.11.931.jar;C:\Users\ahmad\.m2\repository\com\amazonaws\aws-java-sdk-chime\1.11.931\aws-java-sdk-chime-1.11.931.jar;C:\Users\ahmad\.m2\repository\com\amazonaws\aws-java-sdk-signer\1.11.931\aws-java-sdk-signer-1.11.931.jar;C:\Users\ahmad\.m2\repository\com\amazonaws\aws-java-sdk-dlm\1.11.931\aws-java-sdk-dlm-1.11.931.jar;C:\Users\ahmad\.m2\repository\com\amazonaws\aws-java-sdk-macie\1.11.931\aws-java-sdk-macie-1.11.931.jar;C:\Users\ahmad\.m2\repository\com\amazonaws\aws-java-sdk-eks\1.11.931\aws-java-sdk-eks-1.11.931.jar;C:\Users\ahmad\.m2\repository\com\amazonaws\aws-java-sdk-mediatailor\1.11.931\aws-java-sdk-mediatailor-1.11.931.jar;C:\Users\ahmad\.m2\repository\com\amazonaws\aws-java-sdk-neptune\1.11.931\aws-java-sdk-neptune-1.11.931.jar;C:\Users\ahmad\.m2\repository\com\amazonaws\aws-java-sdk-pi\1.11.931\aws-java-sdk-pi-1.11.931.jar;C:\Users\ahmad\.m2\repository\com\amazonaws\aws-java-sdk-iot1clickprojects\1.11.931\aws-java-sdk-iot1clickprojects-1.11.931.jar;C:\Users\ahmad\.m2\repository\com\amazonaws\aws-java-sdk-iot1clickdevices\1.11.931\aws-java-sdk-iot1clickdevices-1.11.931.jar;C:\Users\ahmad\.m2\repository\com\amazonaws\aws-java-sdk-iotanalytics\1.11.931\aws-java-sdk-iotanalytics-1.11.931.jar;C:\Users\ahmad\.m2\repository\com\amazonaws\aws-java-sdk-acmpca\1.11.931\aws-java-sdk-acmpca-1.11.931.jar;C:\Users\ahmad\.m2\repository\com\amazonaws\aws-java-sdk-secretsmanager\1.11.931\aws-java-sdk-secretsmanager-1.11.931.jar;C:\Users\ahmad\.m2\repository\com\amazonaws\aws-java-sdk-fms\1.11.931\aws-java-sdk-fms-1.11.931.jar;C:\Users\ahmad\.m2\repository\com\amazonaws\aws-java-sdk-connect\1.11.931\aws-java-sdk-connect-1.11.931.jar;C:\Users\ahmad\.m2\repository\com\amazonaws\aws-java-sdk-transcribe\1.11.931\aws-java-sdk-transcribe-1.11.931.jar;C:\Users\ahmad\.m2\repository\com\amazonaws\aws-java-sdk-autoscalingplans\1.11.931\aws-java-sdk-autoscalingplans-1.11.931.jar;C:\Users\ahmad\.m2\repository\com\amazonaws\aws-java-sdk-workmail\1.11.931\aws-java-sdk-workmail-1.11.931.jar;C:\Users\ahmad\.m2\repository\com\amazonaws\aws-java-sdk-servicediscovery\1.11.931\aws-java-sdk-servicediscovery-1.11.931.jar;C:\Users\ahmad\.m2\repository\com\amazonaws\aws-java-sdk-cloud9\1.11.931\aws-java-sdk-cloud9-1.11.931.jar;C:\Users\ahmad\.m2\repository\com\amazonaws\aws-java-sdk-serverlessapplicationrepository\1.11.931\aws-java-sdk-serverlessapplicationrepository-1.11.931.jar;C:\Users\ahmad\.m2\repository\com\amazonaws\aws-java-sdk-alexaforbusiness\1.11.931\aws-java-sdk-alexaforbusiness-1.11.931.jar;C:\Users\ahmad\.m2\repository\com\amazonaws\aws-java-sdk-resourcegroups\1.11.931\aws-java-sdk-resourcegroups-1.11.931.jar;C:\Users\ahmad\.m2\repository\com\amazonaws\aws-java-sdk-comprehend\1.11.931\aws-java-sdk-comprehend-1.11.931.jar;C:\Users\ahmad\.m2\repository\com\amazonaws\aws-java-sdk-translate\1.11.931\aws-java-sdk-translate-1.11.931.jar;C:\Users\ahmad\.m2\repository\com\amazonaws\aws-java-sdk-sagemaker\1.11.931\aws-java-sdk-sagemaker-1.11.931.jar;C:\Users\ahmad\.m2\repository\com\amazonaws\aws-java-sdk-iotjobsdataplane\1.11.931\aws-java-sdk-iotjobsdataplane-1.11.931.jar;C:\Users\ahmad\.m2\repository\com\amazonaws\aws-java-sdk-sagemakerruntime\1.11.931\aws-java-sdk-sagemakerruntime-1.11.931.jar;C:\Users\ahmad\.m2\repository\com\amazonaws\aws-java-sdk-kinesisvideo\1.11.931\aws-java-sdk-kinesisvideo-1.11.931.jar;C:\Users\ahmad\.m2\repository\io\netty\netty-codec-http\4.1.76.Final\netty-codec-http-4.1.76.Final.jar;C:\Users\ahmad\.m2\repository\io\netty\netty-common\4.1.76.Final\netty-common-4.1.76.Final.jar;C:\Users\ahmad\.m2\repository\io\netty\netty-buffer\4.1.76.Final\netty-buffer-4.1.76.Final.jar;C:\Users\ahmad\.m2\repository\io\netty\netty-transport\4.1.76.Final\netty-transport-4.1.76.Final.jar;C:\Users\ahmad\.m2\repository\io\netty\netty-codec\4.1.76.Final\netty-codec-4.1.76.Final.jar;C:\Users\ahmad\.m2\repository\io\netty\netty-handler\4.1.76.Final\netty-handler-4.1.76.Final.jar;C:\Users\ahmad\.m2\repository\io\netty\netty-resolver\4.1.76.Final\netty-resolver-4.1.76.Final.jar;C:\Users\ahmad\.m2\repository\com\amazonaws\aws-java-sdk-appsync\1.11.931\aws-java-sdk-appsync-1.11.931.jar;C:\Users\ahmad\.m2\repository\com\amazonaws\aws-java-sdk-guardduty\1.11.931\aws-java-sdk-guardduty-1.11.931.jar;C:\Users\ahmad\.m2\repository\com\amazonaws\aws-java-sdk-mq\1.11.931\aws-java-sdk-mq-1.11.931.jar;C:\Users\ahmad\.m2\repository\com\amazonaws\aws-java-sdk-mediaconvert\1.11.931\aws-java-sdk-mediaconvert-1.11.931.jar;C:\Users\ahmad\.m2\repository\com\amazonaws\aws-java-sdk-mediastore\1.11.931\aws-java-sdk-mediastore-1.11.931.jar;C:\Users\ahmad\.m2\repository\com\amazonaws\aws-java-sdk-mediastoredata\1.11.931\aws-java-sdk-mediastoredata-1.11.931.jar;C:\Users\ahmad\.m2\repository\com\amazonaws\aws-java-sdk-medialive\1.11.931\aws-java-sdk-medialive-1.11.931.jar;C:\Users\ahmad\.m2\repository\com\amazonaws\aws-java-sdk-mediapackage\1.11.931\aws-java-sdk-mediapackage-1.11.931.jar;C:\Users\ahmad\.m2\repository\com\amazonaws\aws-java-sdk-costexplorer\1.11.931\aws-java-sdk-costexplorer-1.11.931.jar;C:\Users\ahmad\.m2\repository\com\amazonaws\aws-java-sdk-pricing\1.11.931\aws-java-sdk-pricing-1.11.931.jar;C:\Users\ahmad\.m2\repository\com\amazonaws\aws-java-sdk-mobile\1.11.931\aws-java-sdk-mobile-1.11.931.jar;C:\Users\ahmad\.m2\repository\com\amazonaws\aws-java-sdk-cloudhsmv2\1.11.931\aws-java-sdk-cloudhsmv2-1.11.931.jar;C:\Users\ahmad\.m2\repository\com\amazonaws\aws-java-sdk-glue\1.11.931\aws-java-sdk-glue-1.11.931.jar;C:\Users\ahmad\.m2\repository\com\amazonaws\aws-java-sdk-migrationhub\1.11.931\aws-java-sdk-migrationhub-1.11.931.jar;C:\Users\ahmad\.m2\repository\com\amazonaws\aws-java-sdk-dax\1.11.931\aws-java-sdk-dax-1.11.931.jar;C:\Users\ahmad\.m2\repository\com\amazonaws\aws-java-sdk-greengrass\1.11.931\aws-java-sdk-greengrass-1.11.931.jar;C:\Users\ahmad\.m2\repository\com\amazonaws\aws-java-sdk-athena\1.11.931\aws-java-sdk-athena-1.11.931.jar;C:\Users\ahmad\.m2\repository\com\amazonaws\aws-java-sdk-marketplaceentitlement\1.11.931\aws-java-sdk-marketplaceentitlement-1.11.931.jar;C:\Users\ahmad\.m2\repository\com\amazonaws\aws-java-sdk-codestar\1.11.931\aws-java-sdk-codestar-1.11.931.jar;C:\Users\ahmad\.m2\repository\com\amazonaws\aws-java-sdk-lexmodelbuilding\1.11.931\aws-java-sdk-lexmodelbuilding-1.11.931.jar;C:\Users\ahmad\.m2\repository\com\amazonaws\aws-java-sdk-resourcegroupstaggingapi\1.11.931\aws-java-sdk-resourcegroupstaggingapi-1.11.931.jar;C:\Users\ahmad\.m2\repository\com\amazonaws\aws-java-sdk-pinpoint\1.11.931\aws-java-sdk-pinpoint-1.11.931.jar;C:\Users\ahmad\.m2\repository\com\amazonaws\aws-java-sdk-xray\1.11.931\aws-java-sdk-xray-1.11.931.jar;C:\Users\ahmad\.m2\repository\com\amazonaws\aws-java-sdk-opsworkscm\1.11.931\aws-java-sdk-opsworkscm-1.11.931.jar;C:\Users\ahmad\.m2\repository\com\amazonaws\aws-java-sdk-support\1.11.931\aws-java-sdk-support-1.11.931.jar;C:\Users\ahmad\.m2\repository\com\amazonaws\aws-java-sdk-simpledb\1.11.931\aws-java-sdk-simpledb-1.11.931.jar;C:\Users\ahmad\.m2\repository\com\amazonaws\aws-java-sdk-servicecatalog\1.11.931\aws-java-sdk-servicecatalog-1.11.931.jar;C:\Users\ahmad\.m2\repository\com\amazonaws\aws-java-sdk-servermigration\1.11.931\aws-java-sdk-servermigration-1.11.931.jar;C:\Users\ahmad\.m2\repository\com\amazonaws\aws-java-sdk-simpleworkflow\1.11.931\aws-java-sdk-simpleworkflow-1.11.931.jar;C:\Users\ahmad\.m2\repository\com\amazonaws\aws-java-sdk-storagegateway\1.11.931\aws-java-sdk-storagegateway-1.11.931.jar;C:\Users\ahmad\.m2\repository\com\amazonaws\aws-java-sdk-route53\1.11.931\aws-java-sdk-route53-1.11.931.jar;C:\Users\ahmad\.m2\repository\com\amazonaws\aws-java-sdk-s3\1.11.931\aws-java-sdk-s3-1.11.931.jar;C:\Users\ahmad\.m2\repository\com\amazonaws\aws-java-sdk-importexport\1.11.931\aws-java-sdk-importexport-1.11.931.jar;C:\Users\ahmad\.m2\repository\com\amazonaws\aws-java-sdk-sts\1.11.931\aws-java-sdk-sts-1.11.931.jar;C:\Users\ahmad\.m2\repository\com\amazonaws\aws-java-sdk-sqs\1.11.931\aws-java-sdk-sqs-1.11.931.jar;C:\Users\ahmad\.m2\repository\com\amazonaws\aws-java-sdk-rds\1.11.931\aws-java-sdk-rds-1.11.931.jar;C:\Users\ahmad\.m2\repository\com\amazonaws\aws-java-sdk-redshift\1.11.931\aws-java-sdk-redshift-1.11.931.jar;C:\Users\ahmad\.m2\repository\com\amazonaws\aws-java-sdk-elasticbeanstalk\1.11.931\aws-java-sdk-elasticbeanstalk-1.11.931.jar;C:\Users\ahmad\.m2\repository\com\amazonaws\aws-java-sdk-glacier\1.11.931\aws-java-sdk-glacier-1.11.931.jar;C:\Users\ahmad\.m2\repository\com\amazonaws\aws-java-sdk-iam\1.11.931\aws-java-sdk-iam-1.11.931.jar;C:\Users\ahmad\.m2\repository\com\amazonaws\aws-java-sdk-datapipeline\1.11.931\aws-java-sdk-datapipeline-1.11.931.jar;C:\Users\ahmad\.m2\repository\com\amazonaws\aws-java-sdk-elasticloadbalancing\1.11.931\aws-java-sdk-elasticloadbalancing-1.11.931.jar;C:\Users\ahmad\.m2\repository\com\amazonaws\aws-java-sdk-elasticloadbalancingv2\1.11.931\aws-java-sdk-elasticloadbalancingv2-1.11.931.jar;C:\Users\ahmad\.m2\repository\com\amazonaws\aws-java-sdk-emr\1.11.931\aws-java-sdk-emr-1.11.931.jar;C:\Users\ahmad\.m2\repository\com\amazonaws\aws-java-sdk-elasticache\1.11.931\aws-java-sdk-elasticache-1.11.931.jar;C:\Users\ahmad\.m2\repository\com\amazonaws\aws-java-sdk-elastictranscoder\1.11.931\aws-java-sdk-elastictranscoder-1.11.931.jar;C:\Users\ahmad\.m2\repository\com\amazonaws\aws-java-sdk-ec2\1.11.931\aws-java-sdk-ec2-1.11.931.jar;C:\Users\ahmad\.m2\repository\com\amazonaws\aws-java-sdk-dynamodb\1.11.931\aws-java-sdk-dynamodb-1.11.931.jar;C:\Users\ahmad\.m2\repository\com\amazonaws\aws-java-sdk-sns\1.11.931\aws-java-sdk-sns-1.11.931.jar;C:\Users\ahmad\.m2\repository\com\amazonaws\aws-java-sdk-budgets\1.11.931\aws-java-sdk-budgets-1.11.931.jar;C:\Users\ahmad\.m2\repository\com\amazonaws\aws-java-sdk-cloudtrail\1.11.931\aws-java-sdk-cloudtrail-1.11.931.jar;C:\Users\ahmad\.m2\repository\com\amazonaws\aws-java-sdk-cloudwatch\1.11.931\aws-java-sdk-cloudwatch-1.11.931.jar;C:\Users\ahmad\.m2\repository\com\amazonaws\aws-java-sdk-logs\1.11.931\aws-java-sdk-logs-1.11.931.jar;C:\Users\ahmad\.m2\repository\com\amazonaws\aws-java-sdk-events\1.11.931\aws-java-sdk-events-1.11.931.jar;C:\Users\ahmad\.m2\repository\com\amazonaws\aws-java-sdk-cognitoidentity\1.11.931\aws-java-sdk-cognitoidentity-1.11.931.jar;C:\Users\ahmad\.m2\repository\com\amazonaws\aws-java-sdk-cognitosync\1.11.931\aws-java-sdk-cognitosync-1.11.931.jar;C:\Users\ahmad\.m2\repository\com\amazonaws\aws-java-sdk-directconnect\1.11.931\aws-java-sdk-directconnect-1.11.931.jar;C:\Users\ahmad\.m2\repository\com\amazonaws\aws-java-sdk-cloudformation\1.11.931\aws-java-sdk-cloudformation-1.11.931.jar;C:\Users\ahmad\.m2\repository\com\amazonaws\aws-java-sdk-cloudfront\1.11.931\aws-java-sdk-cloudfront-1.11.931.jar;C:\Users\ahmad\.m2\repository\com\amazonaws\aws-java-sdk-clouddirectory\1.11.931\aws-java-sdk-clouddirectory-1.11.931.jar;C:\Users\ahmad\.m2\repository\com\amazonaws\aws-java-sdk-kinesis\1.11.931\aws-java-sdk-kinesis-1.11.931.jar;C:\Users\ahmad\.m2\repository\com\amazonaws\aws-java-sdk-opsworks\1.11.931\aws-java-sdk-opsworks-1.11.931.jar;C:\Users\ahmad\.m2\repository\com\amazonaws\aws-java-sdk-ses\1.11.931\aws-java-sdk-ses-1.11.931.jar;C:\Users\ahmad\.m2\repository\com\amazonaws\aws-java-sdk-autoscaling\1.11.931\aws-java-sdk-autoscaling-1.11.931.jar;C:\Users\ahmad\.m2\repository\com\amazonaws\aws-java-sdk-cloudsearch\1.11.931\aws-java-sdk-cloudsearch-1.11.931.jar;C:\Users\ahmad\.m2\repository\com\amazonaws\aws-java-sdk-cloudwatchmetrics\1.11.931\aws-java-sdk-cloudwatchmetrics-1.11.931.jar;C:\Users\ahmad\.m2\repository\com\amazonaws\aws-java-sdk-codedeploy\1.11.931\aws-java-sdk-codedeploy-1.11.931.jar;C:\Users\ahmad\.m2\repository\com\amazonaws\aws-java-sdk-codepipeline\1.11.931\aws-java-sdk-codepipeline-1.11.931.jar;C:\Users\ahmad\.m2\repository\com\amazonaws\aws-java-sdk-kms\1.11.931\aws-java-sdk-kms-1.11.931.jar;C:\Users\ahmad\.m2\repository\com\amazonaws\aws-java-sdk-config\1.11.931\aws-java-sdk-config-1.11.931.jar;C:\Users\ahmad\.m2\repository\com\amazonaws\aws-java-sdk-lambda\1.11.931\aws-java-sdk-lambda-1.11.931.jar;C:\Users\ahmad\.m2\repository\com\amazonaws\aws-java-sdk-ecs\1.11.931\aws-java-sdk-ecs-1.11.931.jar;C:\Users\ahmad\.m2\repository\com\amazonaws\aws-java-sdk-ecr\1.11.931\aws-java-sdk-ecr-1.11.931.jar;C:\Users\ahmad\.m2\repository\com\amazonaws\aws-java-sdk-cloudhsm\1.11.931\aws-java-sdk-cloudhsm-1.11.931.jar;C:\Users\ahmad\.m2\repository\com\amazonaws\aws-java-sdk-ssm\1.11.931\aws-java-sdk-ssm-1.11.931.jar;C:\Users\ahmad\.m2\repository\com\amazonaws\aws-java-sdk-workspaces\1.11.931\aws-java-sdk-workspaces-1.11.931.jar;C:\Users\ahmad\.m2\repository\com\amazonaws\aws-java-sdk-machinelearning\1.11.931\aws-java-sdk-machinelearning-1.11.931.jar;C:\Users\ahmad\.m2\repository\com\amazonaws\aws-java-sdk-directory\1.11.931\aws-java-sdk-directory-1.11.931.jar;C:\Users\ahmad\.m2\repository\com\amazonaws\aws-java-sdk-efs\1.11.931\aws-java-sdk-efs-1.11.931.jar;C:\Users\ahmad\.m2\repository\com\amazonaws\aws-java-sdk-codecommit\1.11.931\aws-java-sdk-codecommit-1.11.931.jar;C:\Users\ahmad\.m2\repository\com\amazonaws\aws-java-sdk-devicefarm\1.11.931\aws-java-sdk-devicefarm-1.11.931.jar;C:\Users\ahmad\.m2\repository\com\amazonaws\aws-java-sdk-elasticsearch\1.11.931\aws-java-sdk-elasticsearch-1.11.931.jar;C:\Users\ahmad\.m2\repository\com\amazonaws\aws-java-sdk-waf\1.11.931\aws-java-sdk-waf-1.11.931.jar;C:\Users\ahmad\.m2\repository\com\amazonaws\aws-java-sdk-marketplacecommerceanalytics\1.11.931\aws-java-sdk-marketplacecommerceanalytics-1.11.931.jar;C:\Users\ahmad\.m2\repository\com\amazonaws\aws-java-sdk-inspector\1.11.931\aws-java-sdk-inspector-1.11.931.jar;C:\Users\ahmad\.m2\repository\com\amazonaws\aws-java-sdk-iot\1.11.931\aws-java-sdk-iot-1.11.931.jar;C:\Users\ahmad\.m2\repository\com\amazonaws\aws-java-sdk-api-gateway\1.11.931\aws-java-sdk-api-gateway-1.11.931.jar;C:\Users\ahmad\.m2\repository\com\amazonaws\aws-java-sdk-acm\1.11.931\aws-java-sdk-acm-1.11.931.jar;C:\Users\ahmad\.m2\repository\com\amazonaws\aws-java-sdk-gamelift\1.11.931\aws-java-sdk-gamelift-1.11.931.jar;C:\Users\ahmad\.m2\repository\com\amazonaws\aws-java-sdk-dms\1.11.931\aws-java-sdk-dms-1.11.931.jar;C:\Users\ahmad\.m2\repository\com\amazonaws\aws-java-sdk-marketplacemeteringservice\1.11.931\aws-java-sdk-marketplacemeteringservice-1.11.931.jar;C:\Users\ahmad\.m2\repository\com\amazonaws\aws-java-sdk-cognitoidp\1.11.931\aws-java-sdk-cognitoidp-1.11.931.jar;C:\Users\ahmad\.m2\repository\com\amazonaws\aws-java-sdk-discovery\1.11.931\aws-java-sdk-discovery-1.11.931.jar;C:\Users\ahmad\.m2\repository\com\amazonaws\aws-java-sdk-applicationautoscaling\1.11.931\aws-java-sdk-applicationautoscaling-1.11.931.jar;C:\Users\ahmad\.m2\repository\com\amazonaws\aws-java-sdk-snowball\1.11.931\aws-java-sdk-snowball-1.11.931.jar;C:\Users\ahmad\.m2\repository\com\amazonaws\aws-java-sdk-rekognition\1.11.931\aws-java-sdk-rekognition-1.11.931.jar;C:\Users\ahmad\.m2\repository\com\amazonaws\aws-java-sdk-polly\1.11.931\aws-java-sdk-polly-1.11.931.jar;C:\Users\ahmad\.m2\repository\com\amazonaws\aws-java-sdk-lightsail\1.11.931\aws-java-sdk-lightsail-1.11.931.jar;C:\Users\ahmad\.m2\repository\com\amazonaws\aws-java-sdk-stepfunctions\1.11.931\aws-java-sdk-stepfunctions-1.11.931.jar;C:\Users\ahmad\.m2\repository\com\amazonaws\aws-java-sdk-health\1.11.931\aws-java-sdk-health-1.11.931.jar;C:\Users\ahmad\.m2\repository\com\amazonaws\aws-java-sdk-costandusagereport\1.11.931\aws-java-sdk-costandusagereport-1.11.931.jar;C:\Users\ahmad\.m2\repository\com\amazonaws\aws-java-sdk-codebuild\1.11.931\aws-java-sdk-codebuild-1.11.931.jar;C:\Users\ahmad\.m2\repository\com\amazonaws\aws-java-sdk-appstream\1.11.931\aws-java-sdk-appstream-1.11.931.jar;C:\Users\ahmad\.m2\repository\com\amazonaws\aws-java-sdk-shield\1.11.931\aws-java-sdk-shield-1.11.931.jar;C:\Users\ahmad\.m2\repository\com\amazonaws\aws-java-sdk-batch\1.11.931\aws-java-sdk-batch-1.11.931.jar;C:\Users\ahmad\.m2\repository\com\amazonaws\aws-java-sdk-lex\1.11.931\aws-java-sdk-lex-1.11.931.jar;C:\Users\ahmad\.m2\repository\com\amazonaws\aws-java-sdk-mechanicalturkrequester\1.11.931\aws-java-sdk-mechanicalturkrequester-1.11.931.jar;C:\Users\ahmad\.m2\repository\com\amazonaws\aws-java-sdk-organizations\1.11.931\aws-java-sdk-organizations-1.11.931.jar;C:\Users\ahmad\.m2\repository\com\amazonaws\aws-java-sdk-workdocs\1.11.931\aws-java-sdk-workdocs-1.11.931.jar;C:\Users\ahmad\.m2\repository\com\amazonaws\aws-java-sdk-core\1.11.931\aws-java-sdk-core-1.11.931.jar;C:\Users\ahmad\.m2\repository\commons-logging\commons-logging\1.1.3\commons-logging-1.1.3.jar;C:\Users\ahmad\.m2\repository\software\amazon\ion\ion-java\1.0.2\ion-java-1.0.2.jar;C:\Users\ahmad\.m2\repository\com\fasterxml\jackson\dataformat\jackson-dataformat-cbor\2.13.2\jackson-dataformat-cbor-2.13.2.jar;C:\Users\ahmad\.m2\repository\joda-time\joda-time\2.8.1\joda-time-2.8.1.jar;C:\Users\ahmad\.m2\repository\com\amazonaws\aws-java-sdk-models\1.11.931\aws-java-sdk-models-1.11.931.jar;C:\Users\ahmad\.m2\repository\com\amazonaws\aws-java-sdk-swf-libraries\1.11.22\aws-java-sdk-swf-libraries-1.11.22.jar;C:\Users\ahmad\.m2\repository\org\springframework\amqp\spring-rabbit-test\2.4.4\spring-rabbit-test-2.4.4.jar;C:\Users\ahmad\.m2\repository\org\springframework\amqp\spring-rabbit-junit\2.4.4\spring-rabbit-junit-2.4.4.jar;C:\Users\ahmad\.m2\repository\com\rabbitmq\http-client\3.12.1\http-client-3.12.1.jar;C:\Users\ahmad\.m2\repository\org\codehaus\groovy\groovy\3.0.10\groovy-3.0.10.jar;C:\Users\ahmad\.m2\repository\org\codehaus\groovy\groovy-json\3.0.10\groovy-json-3.0.10.jar;C:\Users\ahmad\.m2\repository\org\hamcrest\hamcrest-library\2.2\hamcrest-library-2.2.jar;C:\Users\ahmad\.m2\repository\org\hamcrest\hamcrest-core\2.2\hamcrest-core-2.2.jar;C:\Users\ahmad\.m2\repository\org\springframework\amqp\spring-rabbit\2.4.4\spring-rabbit-2.4.4.jar;C:\Users\ahmad\.m2\repository\org\springframework\amqp\spring-amqp\2.4.4\spring-amqp-2.4.4.jar;C:\Users\ahmad\.m2\repository\org\springframework\retry\spring-retry\1.3.3\spring-retry-1.3.3.jar;C:\Users\ahmad\.m2\repository\com\rabbitmq\amqp-client\5.13.1\amqp-client-5.13.1.jar;C:\Users\ahmad\.m2\repository\org\springframework\spring-context\5.3.19\spring-context-5.3.19.jar;C:\Users\ahmad\.m2\repository\org\springframework\spring-messaging\5.3.19\spring-messaging-5.3.19.jar;C:\Users\ahmad\.m2\repository\org\springframework\spring-tx\5.3.19\spring-tx-5.3.19.jar;C:\Users\ahmad\.m2\repository\org\projectlombok\lombok\1.18.24\lombok-1.18.24.jar;"/>
    <property name="java.vm.vendor" value="Oracle Corporation"/>
    <property name="sun.arch.data.model" value="64"/>
    <property name="user.variant" value=""/>
    <property name="java.vendor.url" value="https://java.oracle.com/"/>
    <property name="user.timezone" value="Asia/Damascus"/>
    <property name="os.name" value="Windows 10"/>
    <property name="java.vm.specification.version" value="16"/>
    <property name="sun.java.launcher" value="SUN_STANDARD"/>
    <property name="user.country" value="US"/>
    <property name="sun.boot.library.path" value="C:\Program Files\Java\jdk-16.0.2\bin"/>
    <property name="sun.java.command" value="C:\Users\ahmad\AppData\Local\Temp\surefire17820630097328840136\surefirebooter14697894331396005929.jar C:\Users\ahmad\AppData\Local\Temp\surefire17820630097328840136 2022-06-04T22-46-55_683-jvmRun1 surefire15493862641651247890tmp surefire_09278872820693059430tmp"/>
    <property name="jdk.debug" value="release"/>
    <property name="surefire.test.class.path" value="C:\Users\ahmad\Desktop\Distrubuited System\Uplaod\target\test-classes;C:\Users\ahmad\Desktop\Distrubuited System\Uplaod\target\classes;C:\Users\ahmad\.m2\repository\org\springframework\boot\spring-boot-starter-web\2.6.7\spring-boot-starter-web-2.6.7.jar;C:\Users\ahmad\.m2\repository\org\springframework\boot\spring-boot-starter\2.6.7\spring-boot-starter-2.6.7.jar;C:\Users\ahmad\.m2\repository\org\springframework\boot\spring-boot\2.6.7\spring-boot-2.6.7.jar;C:\Users\ahmad\.m2\repository\org\springframework\boot\spring-boot-autoconfigure\2.6.7\spring-boot-autoconfigure-2.6.7.jar;C:\Users\ahmad\.m2\repository\org\springframework\boot\spring-boot-starter-logging\2.6.7\spring-boot-starter-logging-2.6.7.jar;C:\Users\ahmad\.m2\repository\ch\qos\logback\logback-classic\1.2.11\logback-classic-1.2.11.jar;C:\Users\ahmad\.m2\repository\ch\qos\logback\logback-core\1.2.11\logback-core-1.2.11.jar;C:\Users\ahmad\.m2\repository\org\apache\logging\log4j\log4j-to-slf4j\2.17.2\log4j-to-slf4j-2.17.2.jar;C:\Users\ahmad\.m2\repository\org\apache\logging\log4j\log4j-api\2.17.2\log4j-api-2.17.2.jar;C:\Users\ahmad\.m2\repository\org\slf4j\jul-to-slf4j\1.7.36\jul-to-slf4j-1.7.36.jar;C:\Users\ahmad\.m2\repository\jakarta\annotation\jakarta.annotation-api\1.3.5\jakarta.annotation-api-1.3.5.jar;C:\Users\ahmad\.m2\repository\org\yaml\snakeyaml\1.29\snakeyaml-1.29.jar;C:\Users\ahmad\.m2\repository\org\springframework\boot\spring-boot-starter-json\2.6.7\spring-boot-starter-json-2.6.7.jar;C:\Users\ahmad\.m2\repository\com\fasterxml\jackson\core\jackson-databind\2.13.2.1\jackson-databind-2.13.2.1.jar;C:\Users\ahmad\.m2\repository\com\fasterxml\jackson\datatype\jackson-datatype-jdk8\2.13.2\jackson-datatype-jdk8-2.13.2.jar;C:\Users\ahmad\.m2\repository\com\fasterxml\jackson\datatype\jackson-datatype-jsr310\2.13.2\jackson-datatype-jsr310-2.13.2.jar;C:\Users\ahmad\.m2\repository\com\fasterxml\jackson\module\jackson-module-parameter-names\2.13.2\jackson-module-parameter-names-2.13.2.jar;C:\Users\ahmad\.m2\repository\org\springframework\boot\spring-boot-starter-tomcat\2.6.7\spring-boot-starter-tomcat-2.6.7.jar;C:\Users\ahmad\.m2\repository\org\apache\tomcat\embed\tomcat-embed-core\9.0.62\tomcat-embed-core-9.0.62.jar;C:\Users\ahmad\.m2\repository\org\apache\tomcat\embed\tomcat-embed-el\9.0.62\tomcat-embed-el-9.0.62.jar;C:\Users\ahmad\.m2\repository\org\apache\tomcat\embed\tomcat-embed-websocket\9.0.62\tomcat-embed-websocket-9.0.62.jar;C:\Users\ahmad\.m2\repository\org\springframework\spring-web\5.3.19\spring-web-5.3.19.jar;C:\Users\ahmad\.m2\repository\org\springframework\spring-beans\5.3.19\spring-beans-5.3.19.jar;C:\Users\ahmad\.m2\repository\org\springframework\spring-webmvc\5.3.19\spring-webmvc-5.3.19.jar;C:\Users\ahmad\.m2\repository\org\springframework\spring-aop\5.3.19\spring-aop-5.3.19.jar;C:\Users\ahmad\.m2\repository\org\springframework\spring-expression\5.3.19\spring-expression-5.3.19.jar;C:\Users\ahmad\.m2\repository\org\springframework\cloud\spring-cloud-starter-netflix-eureka-client\3.1.2\spring-cloud-starter-netflix-eureka-client-3.1.2.jar;C:\Users\ahmad\.m2\repository\org\springframework\cloud\spring-cloud-starter\3.1.2\spring-cloud-starter-3.1.2.jar;C:\Users\ahmad\.m2\repository\org\springframework\cloud\spring-cloud-context\3.1.2\spring-cloud-context-3.1.2.jar;C:\Users\ahmad\.m2\repository\org\springframework\security\spring-security-crypto\5.6.3\spring-security-crypto-5.6.3.jar;C:\Users\ahmad\.m2\repository\org\springframework\cloud\spring-cloud-commons\3.1.2\spring-cloud-commons-3.1.2.jar;C:\Users\ahmad\.m2\repository\org\springframework\security\spring-security-rsa\1.0.10.RELEASE\spring-security-rsa-1.0.10.RELEASE.jar;C:\Users\ahmad\.m2\repository\org\bouncycastle\bcpkix-jdk15on\1.68\bcpkix-jdk15on-1.68.jar;C:\Users\ahmad\.m2\repository\org\bouncycastle\bcprov-jdk15on\1.68\bcprov-jdk15on-1.68.jar;C:\Users\ahmad\.m2\repository\org\springframework\cloud\spring-cloud-netflix-eureka-client\3.1.2\spring-cloud-netflix-eureka-client-3.1.2.jar;C:\Users\ahmad\.m2\repository\com\netflix\eureka\eureka-client\1.10.17\eureka-client-1.10.17.jar;C:\Users\ahmad\.m2\repository\com\netflix\netflix-commons\netflix-eventbus\0.3.0\netflix-eventbus-0.3.0.jar;C:\Users\ahmad\.m2\repository\com\netflix\netflix-commons\netflix-infix\0.3.0\netflix-infix-0.3.0.jar;C:\Users\ahmad\.m2\repository\commons-jxpath\commons-jxpath\1.3\commons-jxpath-1.3.jar;C:\Users\ahmad\.m2\repository\org\antlr\antlr-runtime\3.4\antlr-runtime-3.4.jar;C:\Users\ahmad\.m2\repository\org\antlr\stringtemplate\3.2.1\stringtemplate-3.2.1.jar;C:\Users\ahmad\.m2\repository\antlr\antlr\2.7.7\antlr-2.7.7.jar;C:\Users\ahmad\.m2\repository\com\google\code\gson\gson\2.8.9\gson-2.8.9.jar;C:\Users\ahmad\.m2\repository\org\apache\commons\commons-math\2.2\commons-math-2.2.jar;C:\Users\ahmad\.m2\repository\com\thoughtworks\xstream\xstream\1.4.18\xstream-1.4.18.jar;C:\Users\ahmad\.m2\repository\io\github\x-stream\mxparser\1.2.2\mxparser-1.2.2.jar;C:\Users\ahmad\.m2\repository\xmlpull\xmlpull\1.1.3.1\xmlpull-1.1.3.1.jar;C:\Users\ahmad\.m2\repository\javax\ws\rs\jsr311-api\1.1.1\jsr311-api-1.1.1.jar;C:\Users\ahmad\.m2\repository\com\netflix\servo\servo-core\0.12.21\servo-core-0.12.21.jar;C:\Users\ahmad\.m2\repository\com\google\guava\guava\19.0\guava-19.0.jar;C:\Users\ahmad\.m2\repository\org\apache\httpcomponents\httpclient\4.5.13\httpclient-4.5.13.jar;C:\Users\ahmad\.m2\repository\org\apache\httpcomponents\httpcore\4.4.15\httpcore-4.4.15.jar;C:\Users\ahmad\.m2\repository\commons-codec\commons-codec\1.15\commons-codec-1.15.jar;C:\Users\ahmad\.m2\repository\commons-configuration\commons-configuration\1.10\commons-configuration-1.10.jar;C:\Users\ahmad\.m2\repository\commons-lang\commons-lang\2.6\commons-lang-2.6.jar;C:\Users\ahmad\.m2\repository\com\google\inject\guice\4.1.0\guice-4.1.0.jar;C:\Users\ahmad\.m2\repository\javax\inject\javax.inject\1\javax.inject-1.jar;C:\Users\ahmad\.m2\repository\com\fasterxml\jackson\core\jackson-annotations\2.13.2\jackson-annotations-2.13.2.jar;C:\Users\ahmad\.m2\repository\com\fasterxml\jackson\core\jackson-core\2.13.2\jackson-core-2.13.2.jar;C:\Users\ahmad\.m2\repository\org\codehaus\jettison\jettison\1.4.0\jettison-1.4.0.jar;C:\Users\ahmad\.m2\repository\com\netflix\eureka\eureka-core\1.10.17\eureka-core-1.10.17.jar;C:\Users\ahmad\.m2\repository\com\fasterxml\woodstox\woodstox-core\6.2.1\woodstox-core-6.2.1.jar;C:\Users\ahmad\.m2\repository\org\codehaus\woodstox\stax2-api\4.2.1\stax2-api-4.2.1.jar;C:\Users\ahmad\.m2\repository\org\springframework\cloud\spring-cloud-starter-loadbalancer\3.1.2\spring-cloud-starter-loadbalancer-3.1.2.jar;C:\Users\ahmad\.m2\repository\org\springframework\cloud\spring-cloud-loadbalancer\3.1.2\spring-cloud-loadbalancer-3.1.2.jar;C:\Users\ahmad\.m2\repository\io\projectreactor\reactor-core\3.4.17\reactor-core-3.4.17.jar;C:\Users\ahmad\.m2\repository\org\reactivestreams\reactive-streams\1.0.3\reactive-streams-1.0.3.jar;C:\Users\ahmad\.m2\repository\io\projectreactor\addons\reactor-extra\3.4.8\reactor-extra-3.4.8.jar;C:\Users\ahmad\.m2\repository\org\springframework\boot\spring-boot-starter-cache\2.6.7\spring-boot-starter-cache-2.6.7.jar;C:\Users\ahmad\.m2\repository\org\springframework\spring-context-support\5.3.19\spring-context-support-5.3.19.jar;C:\Users\ahmad\.m2\repository\com\stoyanr\evictor\1.0.0\evictor-1.0.0.jar;C:\Users\ahmad\.m2\repository\org\springframework\boot\spring-boot-starter-test\2.6.7\spring-boot-starter-test-2.6.7.jar;C:\Users\ahmad\.m2\repository\org\springframework\boot\spring-boot-test\2.6.7\spring-boot-test-2.6.7.jar;C:\Users\ahmad\.m2\repository\org\springframework\boot\spring-boot-test-autoconfigure\2.6.7\spring-boot-test-autoconfigure-2.6.7.jar;C:\Users\ahmad\.m2\repository\com\jayway\jsonpath\json-path\2.6.0\json-path-2.6.0.jar;C:\Users\ahmad\.m2\repository\net\minidev\json-smart\2.4.8\json-smart-2.4.8.jar;C:\Users\ahmad\.m2\repository\net\minidev\accessors-smart\2.4.8\accessors-smart-2.4.8.jar;C:\Users\ahmad\.m2\repository\org\ow2\asm\asm\9.1\asm-9.1.jar;C:\Users\ahmad\.m2\repository\org\slf4j\slf4j-api\1.7.36\slf4j-api-1.7.36.jar;C:\Users\ahmad\.m2\repository\jakarta\xml\bind\jakarta.xml.bind-api\2.3.3\jakarta.xml.bind-api-2.3.3.jar;C:\Users\ahmad\.m2\repository\jakarta\activation\jakarta.activation-api\1.2.2\jakarta.activation-api-1.2.2.jar;C:\Users\ahmad\.m2\repository\org\assertj\assertj-core\3.21.0\assertj-core-3.21.0.jar;C:\Users\ahmad\.m2\repository\org\hamcrest\hamcrest\2.2\hamcrest-2.2.jar;C:\Users\ahmad\.m2\repository\org\junit\jupiter\junit-jupiter\5.8.2\junit-jupiter-5.8.2.jar;C:\Users\ahmad\.m2\repository\org\junit\jupiter\junit-jupiter-api\5.8.2\junit-jupiter-api-5.8.2.jar;C:\Users\ahmad\.m2\repository\org\opentest4j\opentest4j\1.2.0\opentest4j-1.2.0.jar;C:\Users\ahmad\.m2\repository\org\junit\platform\junit-platform-commons\1.8.2\junit-platform-commons-1.8.2.jar;C:\Users\ahmad\.m2\repository\org\apiguardian\apiguardian-api\1.1.2\apiguardian-api-1.1.2.jar;C:\Users\ahmad\.m2\repository\org\junit\jupiter\junit-jupiter-params\5.8.2\junit-jupiter-params-5.8.2.jar;C:\Users\ahmad\.m2\repository\org\junit\jupiter\junit-jupiter-engine\5.8.2\junit-jupiter-engine-5.8.2.jar;C:\Users\ahmad\.m2\repository\org\junit\platform\junit-platform-engine\1.8.2\junit-platform-engine-1.8.2.jar;C:\Users\ahmad\.m2\repository\org\mockito\mockito-core\4.0.0\mockito-core-4.0.0.jar;C:\Users\ahmad\.m2\repository\net\bytebuddy\byte-buddy\1.11.22\byte-buddy-1.11.22.jar;C:\Users\ahmad\.m2\repository\net\bytebuddy\byte-buddy-agent\1.11.22\byte-buddy-agent-1.11.22.jar;C:\Users\ahmad\.m2\repository\org\objenesis\objenesis\3.2\objenesis-3.2.jar;C:\Users\ahmad\.m2\repository\org\mockito\mockito-junit-jupiter\4.0.0\mockito-junit-jupiter-4.0.0.jar;C:\Users\ahmad\.m2\repository\org\skyscreamer\jsonassert\1.5.0\jsonassert-1.5.0.jar;C:\Users\ahmad\.m2\repository\com\vaadin\external\google\android-json\0.0.20131108.vaadin1\android-json-0.0.20131108.vaadin1.jar;C:\Users\ahmad\.m2\repository\org\springframework\spring-core\5.3.19\spring-core-5.3.19.jar;C:\Users\ahmad\.m2\repository\org\springframework\spring-jcl\5.3.19\spring-jcl-5.3.19.jar;C:\Users\ahmad\.m2\repository\org\springframework\spring-test\5.3.19\spring-test-5.3.19.jar;C:\Users\ahmad\.m2\repository\org\xmlunit\xmlunit-core\2.8.4\xmlunit-core-2.8.4.jar;C:\Users\ahmad\.m2\repository\com\amazonaws\aws-java-sdk\1.11.931\aws-java-sdk-1.11.931.jar;C:\Users\ahmad\.m2\repository\com\amazonaws\aws-java-sdk-wellarchitected\1.11.931\aws-java-sdk-wellarchitected-1.11.931.jar;C:\Users\ahmad\.m2\repository\com\amazonaws\jmespath-java\1.11.931\jmespath-java-1.11.931.jar;C:\Users\ahmad\.m2\repository\com\amazonaws\aws-java-sdk-location\1.11.931\aws-java-sdk-location-1.11.931.jar;C:\Users\ahmad\.m2\repository\com\amazonaws\aws-java-sdk-iotdeviceadvisor\1.11.931\aws-java-sdk-iotdeviceadvisor-1.11.931.jar;C:\Users\ahmad\.m2\repository\com\amazonaws\aws-java-sdk-iotfleethub\1.11.931\aws-java-sdk-iotfleethub-1.11.931.jar;C:\Users\ahmad\.m2\repository\com\amazonaws\aws-java-sdk-iotwireless\1.11.931\aws-java-sdk-iotwireless-1.11.931.jar;C:\Users\ahmad\.m2\repository\com\amazonaws\aws-java-sdk-greengrassv2\1.11.931\aws-java-sdk-greengrassv2-1.11.931.jar;C:\Users\ahmad\.m2\repository\com\amazonaws\aws-java-sdk-prometheus\1.11.931\aws-java-sdk-prometheus-1.11.931.jar;C:\Users\ahmad\.m2\repository\com\amazonaws\aws-java-sdk-auditmanager\1.11.931\aws-java-sdk-auditmanager-1.11.931.jar;C:\Users\ahmad\.m2\repository\com\amazonaws\aws-java-sdk-healthlake\1.11.931\aws-java-sdk-healthlake-1.11.931.jar;C:\Users\ahmad\.m2\repository\com\amazonaws\aws-java-sdk-sagemakeredgemanager\1.11.931\aws-java-sdk-sagemakeredgemanager-1.11.931.jar;C:\Users\ahmad\.m2\repository\com\amazonaws\aws-java-sdk-emrcontainers\1.11.931\aws-java-sdk-emrcontainers-1.11.931.jar;C:\Users\ahmad\.m2\repository\com\amazonaws\aws-java-sdk-customerprofiles\1.11.931\aws-java-sdk-customerprofiles-1.11.931.jar;C:\Users\ahmad\.m2\repository\com\amazonaws\aws-java-sdk-lookoutforvision\1.11.931\aws-java-sdk-lookoutforvision-1.11.931.jar;C:\Users\ahmad\.m2\repository\com\amazonaws\aws-java-sdk-connectcontactlens\1.11.931\aws-java-sdk-connectcontactlens-1.11.931.jar;C:\Users\ahmad\.m2\repository\com\amazonaws\aws-java-sdk-amplifybackend\1.11.931\aws-java-sdk-amplifybackend-1.11.931.jar;C:\Users\ahmad\.m2\repository\com\amazonaws\aws-java-sdk-ecrpublic\1.11.931\aws-java-sdk-ecrpublic-1.11.931.jar;C:\Users\ahmad\.m2\repository\com\amazonaws\aws-java-sdk-appintegrations\1.11.931\aws-java-sdk-appintegrations-1.11.931.jar;C:\Users\ahmad\.m2\repository\com\amazonaws\aws-java-sdk-sagemakerfeaturestoreruntime\1.11.931\aws-java-sdk-sagemakerfeaturestoreruntime-1.11.931.jar;C:\Users\ahmad\.m2\repository\com\amazonaws\aws-java-sdk-devopsguru\1.11.931\aws-java-sdk-devopsguru-1.11.931.jar;C:\Users\ahmad\.m2\repository\com\amazonaws\aws-java-sdk-mwaa\1.11.931\aws-java-sdk-mwaa-1.11.931.jar;C:\Users\ahmad\.m2\repository\com\amazonaws\aws-java-sdk-networkfirewall\1.11.931\aws-java-sdk-networkfirewall-1.11.931.jar;C:\Users\ahmad\.m2\repository\com\amazonaws\aws-java-sdk-appregistry\1.11.931\aws-java-sdk-appregistry-1.11.931.jar;C:\Users\ahmad\.m2\repository\com\amazonaws\aws-java-sdk-gluedatabrew\1.11.931\aws-java-sdk-gluedatabrew-1.11.931.jar;C:\Users\ahmad\.m2\repository\com\amazonaws\aws-java-sdk-s3outposts\1.11.931\aws-java-sdk-s3outposts-1.11.931.jar;C:\Users\ahmad\.m2\repository\com\amazonaws\aws-java-sdk-timestreamquery\1.11.931\aws-java-sdk-timestreamquery-1.11.931.jar;C:\Users\ahmad\.m2\repository\com\amazonaws\aws-java-sdk-timestreamwrite\1.11.931\aws-java-sdk-timestreamwrite-1.11.931.jar;C:\Users\ahmad\.m2\repository\com\amazonaws\aws-java-sdk-ssoadmin\1.11.931\aws-java-sdk-ssoadmin-1.11.931.jar;C:\Users\ahmad\.m2\repository\com\amazonaws\aws-java-sdk-redshiftdataapi\1.11.931\aws-java-sdk-redshiftdataapi-1.11.931.jar;C:\Users\ahmad\.m2\repository\com\amazonaws\aws-java-sdk-appflow\1.11.931\aws-java-sdk-appflow-1.11.931.jar;C:\Users\ahmad\.m2\repository\com\amazonaws\aws-java-sdk-identitystore\1.11.931\aws-java-sdk-identitystore-1.11.931.jar;C:\Users\ahmad\.m2\repository\com\amazonaws\aws-java-sdk-braket\1.11.931\aws-java-sdk-braket-1.11.931.jar;C:\Users\ahmad\.m2\repository\com\amazonaws\aws-java-sdk-ivs\1.11.931\aws-java-sdk-ivs-1.11.931.jar;C:\Users\ahmad\.m2\repository\com\amazonaws\aws-java-sdk-honeycode\1.11.931\aws-java-sdk-honeycode-1.11.931.jar;C:\Users\ahmad\.m2\repository\com\amazonaws\aws-java-sdk-codeartifact\1.11.931\aws-java-sdk-codeartifact-1.11.931.jar;C:\Users\ahmad\.m2\repository\com\amazonaws\aws-java-sdk-macie2\1.11.931\aws-java-sdk-macie2-1.11.931.jar;C:\Users\ahmad\.m2\repository\com\amazonaws\aws-java-sdk-iotsitewise\1.11.931\aws-java-sdk-iotsitewise-1.11.931.jar;C:\Users\ahmad\.m2\repository\com\amazonaws\aws-java-sdk-synthetics\1.11.931\aws-java-sdk-synthetics-1.11.931.jar;C:\Users\ahmad\.m2\repository\com\amazonaws\aws-java-sdk-codestarconnections\1.11.931\aws-java-sdk-codestarconnections-1.11.931.jar;C:\Users\ahmad\.m2\repository\com\amazonaws\aws-java-sdk-detective\1.11.931\aws-java-sdk-detective-1.11.931.jar;C:\Users\ahmad\.m2\repository\com\amazonaws\aws-java-sdk-kinesisvideosignalingchannels\1.11.931\aws-java-sdk-kinesisvideosignalingchannels-1.11.931.jar;C:\Users\ahmad\.m2\repository\com\amazonaws\aws-java-sdk-ebs\1.11.931\aws-java-sdk-ebs-1.11.931.jar;C:\Users\ahmad\.m2\repository\com\amazonaws\aws-java-sdk-augmentedairuntime\1.11.931\aws-java-sdk-augmentedairuntime-1.11.931.jar;C:\Users\ahmad\.m2\repository\com\amazonaws\aws-java-sdk-outposts\1.11.931\aws-java-sdk-outposts-1.11.931.jar;C:\Users\ahmad\.m2\repository\com\amazonaws\aws-java-sdk-codeguruprofiler\1.11.931\aws-java-sdk-codeguruprofiler-1.11.931.jar;C:\Users\ahmad\.m2\repository\com\amazonaws\aws-java-sdk-codegurureviewer\1.11.931\aws-java-sdk-codegurureviewer-1.11.931.jar;C:\Users\ahmad\.m2\repository\com\amazonaws\aws-java-sdk-frauddetector\1.11.931\aws-java-sdk-frauddetector-1.11.931.jar;C:\Users\ahmad\.m2\repository\com\amazonaws\aws-java-sdk-kendra\1.11.931\aws-java-sdk-kendra-1.11.931.jar;C:\Users\ahmad\.m2\repository\com\amazonaws\aws-java-sdk-networkmanager\1.11.931\aws-java-sdk-networkmanager-1.11.931.jar;C:\Users\ahmad\.m2\repository\com\amazonaws\aws-java-sdk-computeoptimizer\1.11.931\aws-java-sdk-computeoptimizer-1.11.931.jar;C:\Users\ahmad\.m2\repository\com\amazonaws\aws-java-sdk-accessanalyzer\1.11.931\aws-java-sdk-accessanalyzer-1.11.931.jar;C:\Users\ahmad\.m2\repository\com\amazonaws\aws-java-sdk-schemas\1.11.931\aws-java-sdk-schemas-1.11.931.jar;C:\Users\ahmad\.m2\repository\com\amazonaws\aws-java-sdk-imagebuilder\1.11.931\aws-java-sdk-imagebuilder-1.11.931.jar;C:\Users\ahmad\.m2\repository\com\amazonaws\aws-java-sdk-elasticinference\1.11.931\aws-java-sdk-elasticinference-1.11.931.jar;C:\Users\ahmad\.m2\repository\com\amazonaws\aws-java-sdk-iotsecuretunneling\1.11.931\aws-java-sdk-iotsecuretunneling-1.11.931.jar;C:\Users\ahmad\.m2\repository\com\amazonaws\aws-java-sdk-appconfig\1.11.931\aws-java-sdk-appconfig-1.11.931.jar;C:\Users\ahmad\.m2\repository\com\amazonaws\aws-java-sdk-wafv2\1.11.931\aws-java-sdk-wafv2-1.11.931.jar;C:\Users\ahmad\.m2\repository\com\amazonaws\aws-java-sdk-connectparticipant\1.11.931\aws-java-sdk-connectparticipant-1.11.931.jar;C:\Users\ahmad\.m2\repository\com\amazonaws\aws-java-sdk-migrationhubconfig\1.11.931\aws-java-sdk-migrationhubconfig-1.11.931.jar;C:\Users\ahmad\.m2\repository\com\amazonaws\aws-java-sdk-dataexchange\1.11.931\aws-java-sdk-dataexchange-1.11.931.jar;C:\Users\ahmad\.m2\repository\com\amazonaws\aws-java-sdk-sesv2\1.11.931\aws-java-sdk-sesv2-1.11.931.jar;C:\Users\ahmad\.m2\repository\com\amazonaws\aws-java-sdk-marketplacecatalog\1.11.931\aws-java-sdk-marketplacecatalog-1.11.931.jar;C:\Users\ahmad\.m2\repository\com\amazonaws\aws-java-sdk-ssooidc\1.11.931\aws-java-sdk-ssooidc-1.11.931.jar;C:\Users\ahmad\.m2\repository\com\amazonaws\aws-java-sdk-sso\1.11.931\aws-java-sdk-sso-1.11.931.jar;C:\Users\ahmad\.m2\repository\com\amazonaws\aws-java-sdk-savingsplans\1.11.931\aws-java-sdk-savingsplans-1.11.931.jar;C:\Users\ahmad\.m2\repository\com\amazonaws\aws-java-sdk-codestarnotifications\1.11.931\aws-java-sdk-codestarnotifications-1.11.931.jar;C:\Users\ahmad\.m2\repository\com\amazonaws\aws-java-sdk-workmailmessageflow\1.11.931\aws-java-sdk-workmailmessageflow-1.11.931.jar;C:\Users\ahmad\.m2\repository\com\amazonaws\aws-java-sdk-qldbsession\1.11.931\aws-java-sdk-qldbsession-1.11.931.jar;C:\Users\ahmad\.m2\repository\com\amazonaws\aws-java-sdk-qldb\1.11.931\aws-java-sdk-qldb-1.11.931.jar;C:\Users\ahmad\.m2\repository\com\amazonaws\aws-java-sdk-forecastquery\1.11.931\aws-java-sdk-forecastquery-1.11.931.jar;C:\Users\ahmad\.m2\repository\com\amazonaws\aws-java-sdk-forecast\1.11.931\aws-java-sdk-forecast-1.11.931.jar;C:\Users\ahmad\.m2\repository\com\amazonaws\aws-java-sdk-lakeformation\1.11.931\aws-java-sdk-lakeformation-1.11.931.jar;C:\Users\ahmad\.m2\repository\com\amazonaws\aws-java-sdk-eventbridge\1.11.931\aws-java-sdk-eventbridge-1.11.931.jar;C:\Users\ahmad\.m2\repository\com\amazonaws\aws-java-sdk-ec2instanceconnect\1.11.931\aws-java-sdk-ec2instanceconnect-1.11.931.jar;C:\Users\ahmad\.m2\repository\com\amazonaws\aws-java-sdk-applicationinsights\1.11.931\aws-java-sdk-applicationinsights-1.11.931.jar;C:\Users\ahmad\.m2\repository\com\amazonaws\aws-java-sdk-servicequotas\1.11.931\aws-java-sdk-servicequotas-1.11.931.jar;C:\Users\ahmad\.m2\repository\com\amazonaws\aws-java-sdk-personalizeevents\1.11.931\aws-java-sdk-personalizeevents-1.11.931.jar;C:\Users\ahmad\.m2\repository\com\amazonaws\aws-java-sdk-personalize\1.11.931\aws-java-sdk-personalize-1.11.931.jar;C:\Users\ahmad\.m2\repository\com\amazonaws\aws-java-sdk-personalizeruntime\1.11.931\aws-java-sdk-personalizeruntime-1.11.931.jar;C:\Users\ahmad\.m2\repository\com\amazonaws\aws-java-sdk-ioteventsdata\1.11.931\aws-java-sdk-ioteventsdata-1.11.931.jar;C:\Users\ahmad\.m2\repository\com\amazonaws\aws-java-sdk-iotevents\1.11.931\aws-java-sdk-iotevents-1.11.931.jar;C:\Users\ahmad\.m2\repository\com\amazonaws\aws-java-sdk-iotthingsgraph\1.11.931\aws-java-sdk-iotthingsgraph-1.11.931.jar;C:\Users\ahmad\.m2\repository\com\amazonaws\aws-java-sdk-groundstation\1.11.931\aws-java-sdk-groundstation-1.11.931.jar;C:\Users\ahmad\.m2\repository\com\amazonaws\aws-java-sdk-mediapackagevod\1.11.931\aws-java-sdk-mediapackagevod-1.11.931.jar;C:\Users\ahmad\.m2\repository\com\amazonaws\aws-java-sdk-managedblockchain\1.11.931\aws-java-sdk-managedblockchain-1.11.931.jar;C:\Users\ahmad\.m2\repository\com\amazonaws\aws-java-sdk-textract\1.11.931\aws-java-sdk-textract-1.11.931.jar;C:\Users\ahmad\.m2\repository\com\amazonaws\aws-java-sdk-worklink\1.11.931\aws-java-sdk-worklink-1.11.931.jar;C:\Users\ahmad\.m2\repository\com\amazonaws\aws-java-sdk-backup\1.11.931\aws-java-sdk-backup-1.11.931.jar;C:\Users\ahmad\.m2\repository\com\amazonaws\aws-java-sdk-docdb\1.11.931\aws-java-sdk-docdb-1.11.931.jar;C:\Users\ahmad\.m2\repository\com\amazonaws\aws-java-sdk-apigatewayv2\1.11.931\aws-java-sdk-apigatewayv2-1.11.931.jar;C:\Users\ahmad\.m2\repository\com\amazonaws\aws-java-sdk-apigatewaymanagementapi\1.11.931\aws-java-sdk-apigatewaymanagementapi-1.11.931.jar;C:\Users\ahmad\.m2\repository\com\amazonaws\aws-java-sdk-kafka\1.11.931\aws-java-sdk-kafka-1.11.931.jar;C:\Users\ahmad\.m2\repository\com\amazonaws\aws-java-sdk-appmesh\1.11.931\aws-java-sdk-appmesh-1.11.931.jar;C:\Users\ahmad\.m2\repository\com\amazonaws\aws-java-sdk-licensemanager\1.11.931\aws-java-sdk-licensemanager-1.11.931.jar;C:\Users\ahmad\.m2\repository\com\amazonaws\aws-java-sdk-securityhub\1.11.931\aws-java-sdk-securityhub-1.11.931.jar;C:\Users\ahmad\.m2\repository\com\amazonaws\aws-java-sdk-fsx\1.11.931\aws-java-sdk-fsx-1.11.931.jar;C:\Users\ahmad\.m2\repository\com\amazonaws\aws-java-sdk-mediaconnect\1.11.931\aws-java-sdk-mediaconnect-1.11.931.jar;C:\Users\ahmad\.m2\repository\com\amazonaws\aws-java-sdk-kinesisanalyticsv2\1.11.931\aws-java-sdk-kinesisanalyticsv2-1.11.931.jar;C:\Users\ahmad\.m2\repository\com\amazonaws\aws-java-sdk-comprehendmedical\1.11.931\aws-java-sdk-comprehendmedical-1.11.931.jar;C:\Users\ahmad\.m2\repository\com\amazonaws\aws-java-sdk-globalaccelerator\1.11.931\aws-java-sdk-globalaccelerator-1.11.931.jar;C:\Users\ahmad\.m2\repository\com\amazonaws\aws-java-sdk-transfer\1.11.931\aws-java-sdk-transfer-1.11.931.jar;C:\Users\ahmad\.m2\repository\com\amazonaws\aws-java-sdk-datasync\1.11.931\aws-java-sdk-datasync-1.11.931.jar;C:\Users\ahmad\.m2\repository\com\amazonaws\aws-java-sdk-robomaker\1.11.931\aws-java-sdk-robomaker-1.11.931.jar;C:\Users\ahmad\.m2\repository\com\amazonaws\aws-java-sdk-amplify\1.11.931\aws-java-sdk-amplify-1.11.931.jar;C:\Users\ahmad\.m2\repository\com\amazonaws\aws-java-sdk-quicksight\1.11.931\aws-java-sdk-quicksight-1.11.931.jar;C:\Users\ahmad\.m2\repository\com\amazonaws\aws-java-sdk-rdsdata\1.11.931\aws-java-sdk-rdsdata-1.11.931.jar;C:\Users\ahmad\.m2\repository\com\amazonaws\aws-java-sdk-route53resolver\1.11.931\aws-java-sdk-route53resolver-1.11.931.jar;C:\Users\ahmad\.m2\repository\com\amazonaws\aws-java-sdk-ram\1.11.931\aws-java-sdk-ram-1.11.931.jar;C:\Users\ahmad\.m2\repository\com\amazonaws\aws-java-sdk-s3control\1.11.931\aws-java-sdk-s3control-1.11.931.jar;C:\Users\ahmad\.m2\repository\com\amazonaws\aws-java-sdk-pinpointsmsvoice\1.11.931\aws-java-sdk-pinpointsmsvoice-1.11.931.jar;C:\Users\ahmad\.m2\repository\com\amazonaws\aws-java-sdk-pinpointemail\1.11.931\aws-java-sdk-pinpointemail-1.11.931.jar;C:\Users\ahmad\.m2\repository\com\amazonaws\aws-java-sdk-chime\1.11.931\aws-java-sdk-chime-1.11.931.jar;C:\Users\ahmad\.m2\repository\com\amazonaws\aws-java-sdk-signer\1.11.931\aws-java-sdk-signer-1.11.931.jar;C:\Users\ahmad\.m2\repository\com\amazonaws\aws-java-sdk-dlm\1.11.931\aws-java-sdk-dlm-1.11.931.jar;C:\Users\ahmad\.m2\repository\com\amazonaws\aws-java-sdk-macie\1.11.931\aws-java-sdk-macie-1.11.931.jar;C:\Users\ahmad\.m2\repository\com\amazonaws\aws-java-sdk-eks\1.11.931\aws-java-sdk-eks-1.11.931.jar;C:\Users\ahmad\.m2\repository\com\amazonaws\aws-java-sdk-mediatailor\1.11.931\aws-java-sdk-mediatailor-1.11.931.jar;C:\Users\ahmad\.m2\repository\com\amazonaws\aws-java-sdk-neptune\1.11.931\aws-java-sdk-neptune-1.11.931.jar;C:\Users\ahmad\.m2\repository\com\amazonaws\aws-java-sdk-pi\1.11.931\aws-java-sdk-pi-1.11.931.jar;C:\Users\ahmad\.m2\repository\com\amazonaws\aws-java-sdk-iot1clickprojects\1.11.931\aws-java-sdk-iot1clickprojects-1.11.931.jar;C:\Users\ahmad\.m2\repository\com\amazonaws\aws-java-sdk-iot1clickdevices\1.11.931\aws-java-sdk-iot1clickdevices-1.11.931.jar;C:\Users\ahmad\.m2\repository\com\amazonaws\aws-java-sdk-iotanalytics\1.11.931\aws-java-sdk-iotanalytics-1.11.931.jar;C:\Users\ahmad\.m2\repository\com\amazonaws\aws-java-sdk-acmpca\1.11.931\aws-java-sdk-acmpca-1.11.931.jar;C:\Users\ahmad\.m2\repository\com\amazonaws\aws-java-sdk-secretsmanager\1.11.931\aws-java-sdk-secretsmanager-1.11.931.jar;C:\Users\ahmad\.m2\repository\com\amazonaws\aws-java-sdk-fms\1.11.931\aws-java-sdk-fms-1.11.931.jar;C:\Users\ahmad\.m2\repository\com\amazonaws\aws-java-sdk-connect\1.11.931\aws-java-sdk-connect-1.11.931.jar;C:\Users\ahmad\.m2\repository\com\amazonaws\aws-java-sdk-transcribe\1.11.931\aws-java-sdk-transcribe-1.11.931.jar;C:\Users\ahmad\.m2\repository\com\amazonaws\aws-java-sdk-autoscalingplans\1.11.931\aws-java-sdk-autoscalingplans-1.11.931.jar;C:\Users\ahmad\.m2\repository\com\amazonaws\aws-java-sdk-workmail\1.11.931\aws-java-sdk-workmail-1.11.931.jar;C:\Users\ahmad\.m2\repository\com\amazonaws\aws-java-sdk-servicediscovery\1.11.931\aws-java-sdk-servicediscovery-1.11.931.jar;C:\Users\ahmad\.m2\repository\com\amazonaws\aws-java-sdk-cloud9\1.11.931\aws-java-sdk-cloud9-1.11.931.jar;C:\Users\ahmad\.m2\repository\com\amazonaws\aws-java-sdk-serverlessapplicationrepository\1.11.931\aws-java-sdk-serverlessapplicationrepository-1.11.931.jar;C:\Users\ahmad\.m2\repository\com\amazonaws\aws-java-sdk-alexaforbusiness\1.11.931\aws-java-sdk-alexaforbusiness-1.11.931.jar;C:\Users\ahmad\.m2\repository\com\amazonaws\aws-java-sdk-resourcegroups\1.11.931\aws-java-sdk-resourcegroups-1.11.931.jar;C:\Users\ahmad\.m2\repository\com\amazonaws\aws-java-sdk-comprehend\1.11.931\aws-java-sdk-comprehend-1.11.931.jar;C:\Users\ahmad\.m2\repository\com\amazonaws\aws-java-sdk-translate\1.11.931\aws-java-sdk-translate-1.11.931.jar;C:\Users\ahmad\.m2\repository\com\amazonaws\aws-java-sdk-sagemaker\1.11.931\aws-java-sdk-sagemaker-1.11.931.jar;C:\Users\ahmad\.m2\repository\com\amazonaws\aws-java-sdk-iotjobsdataplane\1.11.931\aws-java-sdk-iotjobsdataplane-1.11.931.jar;C:\Users\ahmad\.m2\repository\com\amazonaws\aws-java-sdk-sagemakerruntime\1.11.931\aws-java-sdk-sagemakerruntime-1.11.931.jar;C:\Users\ahmad\.m2\repository\com\amazonaws\aws-java-sdk-kinesisvideo\1.11.931\aws-java-sdk-kinesisvideo-1.11.931.jar;C:\Users\ahmad\.m2\repository\io\netty\netty-codec-http\4.1.76.Final\netty-codec-http-4.1.76.Final.jar;C:\Users\ahmad\.m2\repository\io\netty\netty-common\4.1.76.Final\netty-common-4.1.76.Final.jar;C:\Users\ahmad\.m2\repository\io\netty\netty-buffer\4.1.76.Final\netty-buffer-4.1.76.Final.jar;C:\Users\ahmad\.m2\repository\io\netty\netty-transport\4.1.76.Final\netty-transport-4.1.76.Final.jar;C:\Users\ahmad\.m2\repository\io\netty\netty-codec\4.1.76.Final\netty-codec-4.1.76.Final.jar;C:\Users\ahmad\.m2\repository\io\netty\netty-handler\4.1.76.Final\netty-handler-4.1.76.Final.jar;C:\Users\ahmad\.m2\repository\io\netty\netty-resolver\4.1.76.Final\netty-resolver-4.1.76.Final.jar;C:\Users\ahmad\.m2\repository\com\amazonaws\aws-java-sdk-appsync\1.11.931\aws-java-sdk-appsync-1.11.931.jar;C:\Users\ahmad\.m2\repository\com\amazonaws\aws-java-sdk-guardduty\1.11.931\aws-java-sdk-guardduty-1.11.931.jar;C:\Users\ahmad\.m2\repository\com\amazonaws\aws-java-sdk-mq\1.11.931\aws-java-sdk-mq-1.11.931.jar;C:\Users\ahmad\.m2\repository\com\amazonaws\aws-java-sdk-mediaconvert\1.11.931\aws-java-sdk-mediaconvert-1.11.931.jar;C:\Users\ahmad\.m2\repository\com\amazonaws\aws-java-sdk-mediastore\1.11.931\aws-java-sdk-mediastore-1.11.931.jar;C:\Users\ahmad\.m2\repository\com\amazonaws\aws-java-sdk-mediastoredata\1.11.931\aws-java-sdk-mediastoredata-1.11.931.jar;C:\Users\ahmad\.m2\repository\com\amazonaws\aws-java-sdk-medialive\1.11.931\aws-java-sdk-medialive-1.11.931.jar;C:\Users\ahmad\.m2\repository\com\amazonaws\aws-java-sdk-mediapackage\1.11.931\aws-java-sdk-mediapackage-1.11.931.jar;C:\Users\ahmad\.m2\repository\com\amazonaws\aws-java-sdk-costexplorer\1.11.931\aws-java-sdk-costexplorer-1.11.931.jar;C:\Users\ahmad\.m2\repository\com\amazonaws\aws-java-sdk-pricing\1.11.931\aws-java-sdk-pricing-1.11.931.jar;C:\Users\ahmad\.m2\repository\com\amazonaws\aws-java-sdk-mobile\1.11.931\aws-java-sdk-mobile-1.11.931.jar;C:\Users\ahmad\.m2\repository\com\amazonaws\aws-java-sdk-cloudhsmv2\1.11.931\aws-java-sdk-cloudhsmv2-1.11.931.jar;C:\Users\ahmad\.m2\repository\com\amazonaws\aws-java-sdk-glue\1.11.931\aws-java-sdk-glue-1.11.931.jar;C:\Users\ahmad\.m2\repository\com\amazonaws\aws-java-sdk-migrationhub\1.11.931\aws-java-sdk-migrationhub-1.11.931.jar;C:\Users\ahmad\.m2\repository\com\amazonaws\aws-java-sdk-dax\1.11.931\aws-java-sdk-dax-1.11.931.jar;C:\Users\ahmad\.m2\repository\com\amazonaws\aws-java-sdk-greengrass\1.11.931\aws-java-sdk-greengrass-1.11.931.jar;C:\Users\ahmad\.m2\repository\com\amazonaws\aws-java-sdk-athena\1.11.931\aws-java-sdk-athena-1.11.931.jar;C:\Users\ahmad\.m2\repository\com\amazonaws\aws-java-sdk-marketplaceentitlement\1.11.931\aws-java-sdk-marketplaceentitlement-1.11.931.jar;C:\Users\ahmad\.m2\repository\com\amazonaws\aws-java-sdk-codestar\1.11.931\aws-java-sdk-codestar-1.11.931.jar;C:\Users\ahmad\.m2\repository\com\amazonaws\aws-java-sdk-lexmodelbuilding\1.11.931\aws-java-sdk-lexmodelbuilding-1.11.931.jar;C:\Users\ahmad\.m2\repository\com\amazonaws\aws-java-sdk-resourcegroupstaggingapi\1.11.931\aws-java-sdk-resourcegroupstaggingapi-1.11.931.jar;C:\Users\ahmad\.m2\repository\com\amazonaws\aws-java-sdk-pinpoint\1.11.931\aws-java-sdk-pinpoint-1.11.931.jar;C:\Users\ahmad\.m2\repository\com\amazonaws\aws-java-sdk-xray\1.11.931\aws-java-sdk-xray-1.11.931.jar;C:\Users\ahmad\.m2\repository\com\amazonaws\aws-java-sdk-opsworkscm\1.11.931\aws-java-sdk-opsworkscm-1.11.931.jar;C:\Users\ahmad\.m2\repository\com\amazonaws\aws-java-sdk-support\1.11.931\aws-java-sdk-support-1.11.931.jar;C:\Users\ahmad\.m2\repository\com\amazonaws\aws-java-sdk-simpledb\1.11.931\aws-java-sdk-simpledb-1.11.931.jar;C:\Users\ahmad\.m2\repository\com\amazonaws\aws-java-sdk-servicecatalog\1.11.931\aws-java-sdk-servicecatalog-1.11.931.jar;C:\Users\ahmad\.m2\repository\com\amazonaws\aws-java-sdk-servermigration\1.11.931\aws-java-sdk-servermigration-1.11.931.jar;C:\Users\ahmad\.m2\repository\com\amazonaws\aws-java-sdk-simpleworkflow\1.11.931\aws-java-sdk-simpleworkflow-1.11.931.jar;C:\Users\ahmad\.m2\repository\com\amazonaws\aws-java-sdk-storagegateway\1.11.931\aws-java-sdk-storagegateway-1.11.931.jar;C:\Users\ahmad\.m2\repository\com\amazonaws\aws-java-sdk-route53\1.11.931\aws-java-sdk-route53-1.11.931.jar;C:\Users\ahmad\.m2\repository\com\amazonaws\aws-java-sdk-s3\1.11.931\aws-java-sdk-s3-1.11.931.jar;C:\Users\ahmad\.m2\repository\com\amazonaws\aws-java-sdk-importexport\1.11.931\aws-java-sdk-importexport-1.11.931.jar;C:\Users\ahmad\.m2\repository\com\amazonaws\aws-java-sdk-sts\1.11.931\aws-java-sdk-sts-1.11.931.jar;C:\Users\ahmad\.m2\repository\com\amazonaws\aws-java-sdk-sqs\1.11.931\aws-java-sdk-sqs-1.11.931.jar;C:\Users\ahmad\.m2\repository\com\amazonaws\aws-java-sdk-rds\1.11.931\aws-java-sdk-rds-1.11.931.jar;C:\Users\ahmad\.m2\repository\com\amazonaws\aws-java-sdk-redshift\1.11.931\aws-java-sdk-redshift-1.11.931.jar;C:\Users\ahmad\.m2\repository\com\amazonaws\aws-java-sdk-elasticbeanstalk\1.11.931\aws-java-sdk-elasticbeanstalk-1.11.931.jar;C:\Users\ahmad\.m2\repository\com\amazonaws\aws-java-sdk-glacier\1.11.931\aws-java-sdk-glacier-1.11.931.jar;C:\Users\ahmad\.m2\repository\com\amazonaws\aws-java-sdk-iam\1.11.931\aws-java-sdk-iam-1.11.931.jar;C:\Users\ahmad\.m2\repository\com\amazonaws\aws-java-sdk-datapipeline\1.11.931\aws-java-sdk-datapipeline-1.11.931.jar;C:\Users\ahmad\.m2\repository\com\amazonaws\aws-java-sdk-elasticloadbalancing\1.11.931\aws-java-sdk-elasticloadbalancing-1.11.931.jar;C:\Users\ahmad\.m2\repository\com\amazonaws\aws-java-sdk-elasticloadbalancingv2\1.11.931\aws-java-sdk-elasticloadbalancingv2-1.11.931.jar;C:\Users\ahmad\.m2\repository\com\amazonaws\aws-java-sdk-emr\1.11.931\aws-java-sdk-emr-1.11.931.jar;C:\Users\ahmad\.m2\repository\com\amazonaws\aws-java-sdk-elasticache\1.11.931\aws-java-sdk-elasticache-1.11.931.jar;C:\Users\ahmad\.m2\repository\com\amazonaws\aws-java-sdk-elastictranscoder\1.11.931\aws-java-sdk-elastictranscoder-1.11.931.jar;C:\Users\ahmad\.m2\repository\com\amazonaws\aws-java-sdk-ec2\1.11.931\aws-java-sdk-ec2-1.11.931.jar;C:\Users\ahmad\.m2\repository\com\amazonaws\aws-java-sdk-dynamodb\1.11.931\aws-java-sdk-dynamodb-1.11.931.jar;C:\Users\ahmad\.m2\repository\com\amazonaws\aws-java-sdk-sns\1.11.931\aws-java-sdk-sns-1.11.931.jar;C:\Users\ahmad\.m2\repository\com\amazonaws\aws-java-sdk-budgets\1.11.931\aws-java-sdk-budgets-1.11.931.jar;C:\Users\ahmad\.m2\repository\com\amazonaws\aws-java-sdk-cloudtrail\1.11.931\aws-java-sdk-cloudtrail-1.11.931.jar;C:\Users\ahmad\.m2\repository\com\amazonaws\aws-java-sdk-cloudwatch\1.11.931\aws-java-sdk-cloudwatch-1.11.931.jar;C:\Users\ahmad\.m2\repository\com\amazonaws\aws-java-sdk-logs\1.11.931\aws-java-sdk-logs-1.11.931.jar;C:\Users\ahmad\.m2\repository\com\amazonaws\aws-java-sdk-events\1.11.931\aws-java-sdk-events-1.11.931.jar;C:\Users\ahmad\.m2\repository\com\amazonaws\aws-java-sdk-cognitoidentity\1.11.931\aws-java-sdk-cognitoidentity-1.11.931.jar;C:\Users\ahmad\.m2\repository\com\amazonaws\aws-java-sdk-cognitosync\1.11.931\aws-java-sdk-cognitosync-1.11.931.jar;C:\Users\ahmad\.m2\repository\com\amazonaws\aws-java-sdk-directconnect\1.11.931\aws-java-sdk-directconnect-1.11.931.jar;C:\Users\ahmad\.m2\repository\com\amazonaws\aws-java-sdk-cloudformation\1.11.931\aws-java-sdk-cloudformation-1.11.931.jar;C:\Users\ahmad\.m2\repository\com\amazonaws\aws-java-sdk-cloudfront\1.11.931\aws-java-sdk-cloudfront-1.11.931.jar;C:\Users\ahmad\.m2\repository\com\amazonaws\aws-java-sdk-clouddirectory\1.11.931\aws-java-sdk-clouddirectory-1.11.931.jar;C:\Users\ahmad\.m2\repository\com\amazonaws\aws-java-sdk-kinesis\1.11.931\aws-java-sdk-kinesis-1.11.931.jar;C:\Users\ahmad\.m2\repository\com\amazonaws\aws-java-sdk-opsworks\1.11.931\aws-java-sdk-opsworks-1.11.931.jar;C:\Users\ahmad\.m2\repository\com\amazonaws\aws-java-sdk-ses\1.11.931\aws-java-sdk-ses-1.11.931.jar;C:\Users\ahmad\.m2\repository\com\amazonaws\aws-java-sdk-autoscaling\1.11.931\aws-java-sdk-autoscaling-1.11.931.jar;C:\Users\ahmad\.m2\repository\com\amazonaws\aws-java-sdk-cloudsearch\1.11.931\aws-java-sdk-cloudsearch-1.11.931.jar;C:\Users\ahmad\.m2\repository\com\amazonaws\aws-java-sdk-cloudwatchmetrics\1.11.931\aws-java-sdk-cloudwatchmetrics-1.11.931.jar;C:\Users\ahmad\.m2\repository\com\amazonaws\aws-java-sdk-codedeploy\1.11.931\aws-java-sdk-codedeploy-1.11.931.jar;C:\Users\ahmad\.m2\repository\com\amazonaws\aws-java-sdk-codepipeline\1.11.931\aws-java-sdk-codepipeline-1.11.931.jar;C:\Users\ahmad\.m2\repository\com\amazonaws\aws-java-sdk-kms\1.11.931\aws-java-sdk-kms-1.11.931.jar;C:\Users\ahmad\.m2\repository\com\amazonaws\aws-java-sdk-config\1.11.931\aws-java-sdk-config-1.11.931.jar;C:\Users\ahmad\.m2\repository\com\amazonaws\aws-java-sdk-lambda\1.11.931\aws-java-sdk-lambda-1.11.931.jar;C:\Users\ahmad\.m2\repository\com\amazonaws\aws-java-sdk-ecs\1.11.931\aws-java-sdk-ecs-1.11.931.jar;C:\Users\ahmad\.m2\repository\com\amazonaws\aws-java-sdk-ecr\1.11.931\aws-java-sdk-ecr-1.11.931.jar;C:\Users\ahmad\.m2\repository\com\amazonaws\aws-java-sdk-cloudhsm\1.11.931\aws-java-sdk-cloudhsm-1.11.931.jar;C:\Users\ahmad\.m2\repository\com\amazonaws\aws-java-sdk-ssm\1.11.931\aws-java-sdk-ssm-1.11.931.jar;C:\Users\ahmad\.m2\repository\com\amazonaws\aws-java-sdk-workspaces\1.11.931\aws-java-sdk-workspaces-1.11.931.jar;C:\Users\ahmad\.m2\repository\com\amazonaws\aws-java-sdk-machinelearning\1.11.931\aws-java-sdk-machinelearning-1.11.931.jar;C:\Users\ahmad\.m2\repository\com\amazonaws\aws-java-sdk-directory\1.11.931\aws-java-sdk-directory-1.11.931.jar;C:\Users\ahmad\.m2\repository\com\amazonaws\aws-java-sdk-efs\1.11.931\aws-java-sdk-efs-1.11.931.jar;C:\Users\ahmad\.m2\repository\com\amazonaws\aws-java-sdk-codecommit\1.11.931\aws-java-sdk-codecommit-1.11.931.jar;C:\Users\ahmad\.m2\repository\com\amazonaws\aws-java-sdk-devicefarm\1.11.931\aws-java-sdk-devicefarm-1.11.931.jar;C:\Users\ahmad\.m2\repository\com\amazonaws\aws-java-sdk-elasticsearch\1.11.931\aws-java-sdk-elasticsearch-1.11.931.jar;C:\Users\ahmad\.m2\repository\com\amazonaws\aws-java-sdk-waf\1.11.931\aws-java-sdk-waf-1.11.931.jar;C:\Users\ahmad\.m2\repository\com\amazonaws\aws-java-sdk-marketplacecommerceanalytics\1.11.931\aws-java-sdk-marketplacecommerceanalytics-1.11.931.jar;C:\Users\ahmad\.m2\repository\com\amazonaws\aws-java-sdk-inspector\1.11.931\aws-java-sdk-inspector-1.11.931.jar;C:\Users\ahmad\.m2\repository\com\amazonaws\aws-java-sdk-iot\1.11.931\aws-java-sdk-iot-1.11.931.jar;C:\Users\ahmad\.m2\repository\com\amazonaws\aws-java-sdk-api-gateway\1.11.931\aws-java-sdk-api-gateway-1.11.931.jar;C:\Users\ahmad\.m2\repository\com\amazonaws\aws-java-sdk-acm\1.11.931\aws-java-sdk-acm-1.11.931.jar;C:\Users\ahmad\.m2\repository\com\amazonaws\aws-java-sdk-gamelift\1.11.931\aws-java-sdk-gamelift-1.11.931.jar;C:\Users\ahmad\.m2\repository\com\amazonaws\aws-java-sdk-dms\1.11.931\aws-java-sdk-dms-1.11.931.jar;C:\Users\ahmad\.m2\repository\com\amazonaws\aws-java-sdk-marketplacemeteringservice\1.11.931\aws-java-sdk-marketplacemeteringservice-1.11.931.jar;C:\Users\ahmad\.m2\repository\com\amazonaws\aws-java-sdk-cognitoidp\1.11.931\aws-java-sdk-cognitoidp-1.11.931.jar;C:\Users\ahmad\.m2\repository\com\amazonaws\aws-java-sdk-discovery\1.11.931\aws-java-sdk-discovery-1.11.931.jar;C:\Users\ahmad\.m2\repository\com\amazonaws\aws-java-sdk-applicationautoscaling\1.11.931\aws-java-sdk-applicationautoscaling-1.11.931.jar;C:\Users\ahmad\.m2\repository\com\amazonaws\aws-java-sdk-snowball\1.11.931\aws-java-sdk-snowball-1.11.931.jar;C:\Users\ahmad\.m2\repository\com\amazonaws\aws-java-sdk-rekognition\1.11.931\aws-java-sdk-rekognition-1.11.931.jar;C:\Users\ahmad\.m2\repository\com\amazonaws\aws-java-sdk-polly\1.11.931\aws-java-sdk-polly-1.11.931.jar;C:\Users\ahmad\.m2\repository\com\amazonaws\aws-java-sdk-lightsail\1.11.931\aws-java-sdk-lightsail-1.11.931.jar;C:\Users\ahmad\.m2\repository\com\amazonaws\aws-java-sdk-stepfunctions\1.11.931\aws-java-sdk-stepfunctions-1.11.931.jar;C:\Users\ahmad\.m2\repository\com\amazonaws\aws-java-sdk-health\1.11.931\aws-java-sdk-health-1.11.931.jar;C:\Users\ahmad\.m2\repository\com\amazonaws\aws-java-sdk-costandusagereport\1.11.931\aws-java-sdk-costandusagereport-1.11.931.jar;C:\Users\ahmad\.m2\repository\com\amazonaws\aws-java-sdk-codebuild\1.11.931\aws-java-sdk-codebuild-1.11.931.jar;C:\Users\ahmad\.m2\repository\com\amazonaws\aws-java-sdk-appstream\1.11.931\aws-java-sdk-appstream-1.11.931.jar;C:\Users\ahmad\.m2\repository\com\amazonaws\aws-java-sdk-shield\1.11.931\aws-java-sdk-shield-1.11.931.jar;C:\Users\ahmad\.m2\repository\com\amazonaws\aws-java-sdk-batch\1.11.931\aws-java-sdk-batch-1.11.931.jar;C:\Users\ahmad\.m2\repository\com\amazonaws\aws-java-sdk-lex\1.11.931\aws-java-sdk-lex-1.11.931.jar;C:\Users\ahmad\.m2\repository\com\amazonaws\aws-java-sdk-mechanicalturkrequester\1.11.931\aws-java-sdk-mechanicalturkrequester-1.11.931.jar;C:\Users\ahmad\.m2\repository\com\amazonaws\aws-java-sdk-organizations\1.11.931\aws-java-sdk-organizations-1.11.931.jar;C:\Users\ahmad\.m2\repository\com\amazonaws\aws-java-sdk-workdocs\1.11.931\aws-java-sdk-workdocs-1.11.931.jar;C:\Users\ahmad\.m2\repository\com\amazonaws\aws-java-sdk-core\1.11.931\aws-java-sdk-core-1.11.931.jar;C:\Users\ahmad\.m2\repository\commons-logging\commons-logging\1.1.3\commons-logging-1.1.3.jar;C:\Users\ahmad\.m2\repository\software\amazon\ion\ion-java\1.0.2\ion-java-1.0.2.jar;C:\Users\ahmad\.m2\repository\com\fasterxml\jackson\dataformat\jackson-dataformat-cbor\2.13.2\jackson-dataformat-cbor-2.13.2.jar;C:\Users\ahmad\.m2\repository\joda-time\joda-time\2.8.1\joda-time-2.8.1.jar;C:\Users\ahmad\.m2\repository\com\amazonaws\aws-java-sdk-models\1.11.931\aws-java-sdk-models-1.11.931.jar;C:\Users\ahmad\.m2\repository\com\amazonaws\aws-java-sdk-swf-libraries\1.11.22\aws-java-sdk-swf-libraries-1.11.22.jar;C:\Users\ahmad\.m2\repository\org\springframework\amqp\spring-rabbit-test\2.4.4\spring-rabbit-test-2.4.4.jar;C:\Users\ahmad\.m2\repository\org\springframework\amqp\spring-rabbit-junit\2.4.4\spring-rabbit-junit-2.4.4.jar;C:\Users\ahmad\.m2\repository\com\rabbitmq\http-client\3.12.1\http-client-3.12.1.jar;C:\Users\ahmad\.m2\repository\org\codehaus\groovy\groovy\3.0.10\groovy-3.0.10.jar;C:\Users\ahmad\.m2\repository\org\codehaus\groovy\groovy-json\3.0.10\groovy-json-3.0.10.jar;C:\Users\ahmad\.m2\repository\org\hamcrest\hamcrest-library\2.2\hamcrest-library-2.2.jar;C:\Users\ahmad\.m2\repository\org\hamcrest\hamcrest-core\2.2\hamcrest-core-2.2.jar;C:\Users\ahmad\.m2\repository\org\springframework\amqp\spring-rabbit\2.4.4\spring-rabbit-2.4.4.jar;C:\Users\ahmad\.m2\repository\org\springframework\amqp\spring-amqp\2.4.4\spring-amqp-2.4.4.jar;C:\Users\ahmad\.m2\repository\org\springframework\retry\spring-retry\1.3.3\spring-retry-1.3.3.jar;C:\Users\ahmad\.m2\repository\com\rabbitmq\amqp-client\5.13.1\amqp-client-5.13.1.jar;C:\Users\ahmad\.m2\repository\org\springframework\spring-context\5.3.19\spring-context-5.3.19.jar;C:\Users\ahmad\.m2\repository\org\springframework\spring-messaging\5.3.19\spring-messaging-5.3.19.jar;C:\Users\ahmad\.m2\repository\org\springframework\spring-tx\5.3.19\spring-tx-5.3.19.jar;C:\Users\ahmad\.m2\repository\org\projectlombok\lombok\1.18.24\lombok-1.18.24.jar;"/>
    <property name="sun.cpu.endian" value="little"/>
    <property name="user.home" value="C:\Users\ahmad"/>
    <property name="user.language" value="en"/>
    <property name="java.specification.vendor" value="Oracle Corporation"/>
    <property name="java.version.date" value="2021-07-20"/>
    <property name="java.home" value="C:\Program Files\Java\jdk-16.0.2"/>
    <property name="file.separator" value="\"/>
    <property name="basedir" value="C:\Users\ahmad\Desktop\Distrubuited System\Uplaod"/>
    <property name="java.vm.compressedOopsMode" value="Zero based"/>
    <property name="line.separator" value="&#10;"/>
    <property name="java.vm.specification.vendor" value="Oracle Corporation"/>
    <property name="java.specification.name" value="Java Platform API Specification"/>
    <property name="surefire.real.class.path" value="C:\Users\ahmad\AppData\Local\Temp\surefire17820630097328840136\surefirebooter14697894331396005929.jar"/>
    <property name="user.script" value=""/>
    <property name="sun.management.compiler" value="HotSpot 64-Bit Tiered Compilers"/>
    <property name="java.runtime.version" value="16.0.2+7-67"/>
    <property name="user.name" value="ahmad"/>
    <property name="path.separator" value=";"/>
    <property name="os.version" value="10.0"/>
    <property name="java.runtime.name" value="Java(TM) SE Runtime Environment"/>
    <property name="file.encoding" value="Cp1252"/>
    <property name="java.vm.name" value="Java HotSpot(TM) 64-Bit Server VM"/>
    <property name="localRepository" value="C:\Users\ahmad\.m2\repository"/>
    <property name="java.vendor.url.bug" value="https://bugreport.java.com/bugreport/"/>
    <property name="java.io.tmpdir" value="C:\Users\ahmad\AppData\Local\Temp\"/>
    <property name="idea.version" value="2021.2.3"/>
    <property name="java.version" value="16.0.2"/>
    <property name="user.dir" value="C:\Users\ahmad\Desktop\Distrubuited System\Uplaod"/>
    <property name="os.arch" value="amd64"/>
    <property name="java.vm.specification.name" value="Java Virtual Machine Specification"/>
    <property name="sun.os.patch.level" value=""/>
    <property name="java.library.path" value="C:\Program Files\Java\jdk-16.0.2\bin;C:\WINDOWS\Sun\Java\bin;C:\WINDOWS\system32;C:\WINDOWS;C:\Program Files\Common Files\Oracle\Java\javapath;C:\Program Files (x86)\Common Files\Oracle\Java\javapath;C:\Program Files (x86)\VMware\VMware Workstation\bin\;C:\Python39\Scripts\;C:\Python39\;C:\Windows\system32;C:\Windows;C:\Windows\System32\Wbem;C:\Windows\System32\WindowsPowerShell\v1.0\;C:\Windows\System32\OpenSSH\;C:\xampp\php;C:\Program Files\nodejs\;C:\ProgramData\chocolatey\bin;C:\ProgramData\ComposerSetup\bin;C:\Program Files\Polyspace\R2020b\runtime\win64;C:\Program Files\Polyspace\R2020b\bin;C:\Program Files\Polyspace\R2020b\polyspace\bin;C:\Program Files (x86)\NVIDIA Corporation\PhysX\Common;C:\Program Files\Git\cmd;C:\WINDOWS\system32;C:\WINDOWS;C:\WINDOWS\System32\Wbem;C:\WINDOWS\System32\WindowsPowerShell\v1.0\;C:\WINDOWS\System32\OpenSSH\;C:\Program Files (x86)\IncrediBuild;C:\Program Files\Docker\Docker\resources\bin;C:\ProgramData\DockerDesktop\version-bin;C:\Users\ahmad\AppData\Local\Microsoft\WindowsApps;C:\Program Files\JetBrains\IntelliJ IDEA 2019.3.4\bin;;C:\Users\ahmad\AppData\Roaming\npm;C:\Users\ahmad\AppData\Roaming\Composer\vendor\bin;C:\Program Files\JetBrains\PhpStorm 2019.1.3\bin;;C:\Program Files\JetBrains\IntelliJ IDEA Community Edition 2021.2.3\bin;;C:\src\flutter\bin;;."/>
    <property name="java.vm.info" value="mixed mode, sharing"/>
    <property name="java.vendor" value="Oracle Corporation"/>
    <property name="java.vm.version" value="16.0.2+7-67"/>
    <property name="sun.io.unicode.encoding" value="UnicodeLittle"/>
    <property name="java.class.version" value="60.0"/>
  </properties>
  <testcase name="contextLoads" classname="com.ahmad.upload.UploadServiceApplicationTests" time="0.927"/>
</testsuite>